<?xml version="1.0" encoding="UTF-8"?>
<coverage generated="1765126140">
  <project timestamp="1765126140">
    <file name="/Users/admin/Desktop/Proyecto Marvel local y Hosting/clean-marvel/src/AI/OpenAIComicGenerator.php">
      <class name="App\AI\OpenAIComicGenerator" namespace="global">
        <metrics complexity="70" methods="9" coveredmethods="1" conditionals="0" coveredconditionals="0" statements="218" coveredstatements="172" elements="227" coveredelements="173"/>
      </class>
      <line num="21" type="method" name="__construct" visibility="public" complexity="15" crap="18.99" count="7"/>
      <line num="23" type="stmt" count="7"/>
      <line num="24" type="stmt" count="7"/>
      <line num="25" type="stmt" count="0"/>
      <line num="26" type="stmt" count="0"/>
      <line num="27" type="stmt" count="0"/>
      <line num="31" type="stmt" count="7"/>
      <line num="32" type="stmt" count="0"/>
      <line num="35" type="stmt" count="7"/>
      <line num="36" type="stmt" count="7"/>
      <line num="37" type="stmt" count="7"/>
      <line num="38" type="stmt" count="7"/>
      <line num="40" type="stmt" count="7"/>
      <line num="41" type="stmt" count="7"/>
      <line num="42" type="stmt" count="7"/>
      <line num="43" type="stmt" count="7"/>
      <line num="44" type="stmt" count="7"/>
      <line num="45" type="stmt" count="7"/>
      <line num="46" type="stmt" count="7"/>
      <line num="47" type="stmt" count="7"/>
      <line num="48" type="stmt" count="7"/>
      <line num="49" type="stmt" count="0"/>
      <line num="50" type="stmt" count="0"/>
      <line num="54" type="stmt" count="7"/>
      <line num="57" type="method" name="isConfigured" visibility="public" complexity="1" crap="1" count="4"/>
      <line num="59" type="stmt" count="4"/>
      <line num="68" type="method" name="generateComic" visibility="public" complexity="3" crap="3.04" count="3"/>
      <line num="70" type="stmt" count="3"/>
      <line num="71" type="stmt" count="0"/>
      <line num="74" type="stmt" count="3"/>
      <line num="75" type="stmt" count="0"/>
      <line num="78" type="stmt" count="3"/>
      <line num="80" type="stmt" count="2"/>
      <line num="81" type="stmt" count="2"/>
      <line num="82" type="stmt" count="2"/>
      <line num="83" type="stmt" count="2"/>
      <line num="84" type="stmt" count="2"/>
      <line num="85" type="stmt" count="2"/>
      <line num="86" type="stmt" count="2"/>
      <line num="93" type="method" name="generateStory" visibility="private" complexity="4" crap="4" count="3"/>
      <line num="95" type="stmt" count="3"/>
      <line num="96" type="stmt" count="3"/>
      <line num="97" type="stmt" count="3"/>
      <line num="98" type="stmt" count="3"/>
      <line num="99" type="stmt" count="3"/>
      <line num="100" type="stmt" count="3"/>
      <line num="101" type="stmt" count="3"/>
      <line num="102" type="stmt" count="3"/>
      <line num="104" type="stmt" count="3"/>
      <line num="106" type="stmt" count="3"/>
      <line num="107" type="stmt" count="3"/>
      <line num="108" type="stmt" count="3"/>
      <line num="109" type="stmt" count="3"/>
      <line num="110" type="stmt" count="3"/>
      <line num="111" type="stmt" count="3"/>
      <line num="112" type="stmt" count="3"/>
      <line num="113" type="stmt" count="3"/>
      <line num="114" type="stmt" count="3"/>
      <line num="133" type="stmt" count="3"/>
      <line num="134" type="stmt" count="3"/>
      <line num="135" type="stmt" count="3"/>
      <line num="136" type="stmt" count="3"/>
      <line num="137" type="stmt" count="3"/>
      <line num="139" type="stmt" count="3"/>
      <line num="141" type="stmt" count="2"/>
      <line num="144" type="stmt" count="2"/>
      <line num="145" type="stmt" count="2"/>
      <line num="146" type="stmt" count="0"/>
      <line num="149" type="stmt" count="2"/>
      <line num="150" type="stmt" count="2"/>
      <line num="151" type="stmt" count="0"/>
      <line num="154" type="stmt" count="2"/>
      <line num="155" type="stmt" count="2"/>
      <line num="156" type="stmt" count="2"/>
      <line num="157" type="stmt" count="2"/>
      <line num="158" type="stmt" count="2"/>
      <line num="159" type="stmt" count="2"/>
      <line num="160" type="stmt" count="2"/>
      <line num="161" type="stmt" count="2"/>
      <line num="162" type="stmt" count="2"/>
      <line num="163" type="stmt" count="2"/>
      <line num="164" type="stmt" count="2"/>
      <line num="165" type="stmt" count="2"/>
      <line num="172" type="method" name="requestChat" visibility="private" complexity="27" crap="41.08" count="3"/>
      <line num="174" type="stmt" count="3"/>
      <line num="175" type="stmt" count="3"/>
      <line num="176" type="stmt" count="3"/>
      <line num="177" type="stmt" count="3"/>
      <line num="179" type="stmt" count="3"/>
      <line num="180" type="stmt" count="3"/>
      <line num="183" type="stmt" count="3"/>
      <line num="184" type="stmt" count="3"/>
      <line num="185" type="stmt" count="0"/>
      <line num="188" type="stmt" count="3"/>
      <line num="189" type="stmt" count="3"/>
      <line num="190" type="stmt" count="3"/>
      <line num="191" type="stmt" count="3"/>
      <line num="192" type="stmt" count="3"/>
      <line num="194" type="stmt" count="3"/>
      <line num="195" type="stmt" count="3"/>
      <line num="196" type="stmt" count="3"/>
      <line num="197" type="stmt" count="3"/>
      <line num="198" type="stmt" count="0"/>
      <line num="199" type="stmt" count="0"/>
      <line num="202" type="stmt" count="3"/>
      <line num="203" type="stmt" count="3"/>
      <line num="204" type="stmt" count="0"/>
      <line num="207" type="stmt" count="3"/>
      <line num="208" type="stmt" count="3"/>
      <line num="209" type="stmt" count="3"/>
      <line num="210" type="stmt" count="3"/>
      <line num="211" type="stmt" count="3"/>
      <line num="212" type="stmt" count="3"/>
      <line num="214" type="stmt" count="3"/>
      <line num="215" type="stmt" count="3"/>
      <line num="216" type="stmt" count="3"/>
      <line num="217" type="stmt" count="3"/>
      <line num="219" type="stmt" count="3"/>
      <line num="220" type="stmt" count="3"/>
      <line num="223" type="stmt" count="0"/>
      <line num="224" type="stmt" count="0"/>
      <line num="228" type="stmt" count="3"/>
      <line num="229" type="stmt" count="0"/>
      <line num="232" type="stmt" count="3"/>
      <line num="233" type="stmt" count="0"/>
      <line num="238" type="stmt" count="3"/>
      <line num="239" type="stmt" count="0"/>
      <line num="240" type="stmt" count="0"/>
      <line num="241" type="stmt" count="0"/>
      <line num="242" type="stmt" count="0"/>
      <line num="245" type="stmt" count="3"/>
      <line num="247" type="stmt" count="3"/>
      <line num="248" type="stmt" count="1"/>
      <line num="250" type="stmt" count="1"/>
      <line num="251" type="stmt" count="0"/>
      <line num="254" type="stmt" count="1"/>
      <line num="255" type="stmt" count="0"/>
      <line num="258" type="stmt" count="1"/>
      <line num="261" type="stmt" count="2"/>
      <line num="262" type="stmt" count="1"/>
      <line num="263" type="stmt" count="0"/>
      <line num="264" type="stmt" count="0"/>
      <line num="265" type="stmt" count="0"/>
      <line num="268" type="stmt" count="0"/>
      <line num="269" type="stmt" count="0"/>
      <line num="272" type="stmt" count="0"/>
      <line num="275" type="stmt" count="1"/>
      <line num="276" type="stmt" count="1"/>
      <line num="277" type="stmt" count="0"/>
      <line num="280" type="stmt" count="1"/>
      <line num="281" type="stmt" count="1"/>
      <line num="282" type="stmt" count="1"/>
      <line num="283" type="stmt" count="1"/>
      <line num="284" type="stmt" count="1"/>
      <line num="285" type="stmt" count="1"/>
      <line num="286" type="stmt" count="1"/>
      <line num="287" type="stmt" count="1"/>
      <line num="288" type="stmt" count="1"/>
      <line num="289" type="stmt" count="1"/>
      <line num="290" type="stmt" count="1"/>
      <line num="291" type="stmt" count="1"/>
      <line num="292" type="stmt" count="1"/>
      <line num="293" type="stmt" count="1"/>
      <line num="294" type="stmt" count="1"/>
      <line num="298" type="stmt" count="0"/>
      <line num="301" type="stmt" count="1"/>
      <line num="307" type="method" name="signatureHeaders" visibility="private" complexity="2" crap="6" count="0"/>
      <line num="309" type="stmt" count="0"/>
      <line num="310" type="stmt" count="0"/>
      <line num="311" type="stmt" count="0"/>
      <line num="312" type="stmt" count="0"/>
      <line num="314" type="stmt" count="0"/>
      <line num="315" type="stmt" count="0"/>
      <line num="316" type="stmt" count="0"/>
      <line num="317" type="stmt" count="0"/>
      <line num="318" type="stmt" count="0"/>
      <line num="326" type="method" name="logUsageIfAvailable" visibility="private" complexity="5" crap="5" count="3"/>
      <line num="328" type="stmt" count="3"/>
      <line num="330" type="stmt" count="3"/>
      <line num="331" type="stmt" count="3"/>
      <line num="332" type="stmt" count="3"/>
      <line num="333" type="stmt" count="3"/>
      <line num="334" type="stmt" count="3"/>
      <line num="335" type="stmt" count="1"/>
      <line num="336" type="stmt" count="1"/>
      <line num="340" type="stmt" count="3"/>
      <line num="341" type="stmt" count="3"/>
      <line num="342" type="stmt" count="3"/>
      <line num="343" type="stmt" count="3"/>
      <line num="344" type="stmt" count="3"/>
      <line num="345" type="stmt" count="3"/>
      <line num="346" type="stmt" count="3"/>
      <line num="347" type="stmt" count="3"/>
      <line num="348" type="stmt" count="3"/>
      <line num="349" type="stmt" count="3"/>
      <line num="350" type="stmt" count="3"/>
      <line num="351" type="stmt" count="3"/>
      <line num="352" type="stmt" count="3"/>
      <line num="353" type="stmt" count="3"/>
      <line num="354" type="stmt" count="0"/>
      <line num="363" type="method" name="extractUsage" visibility="private" complexity="9" crap="9.80" count="3"/>
      <line num="365" type="stmt" count="3"/>
      <line num="366" type="stmt" count="1"/>
      <line num="369" type="stmt" count="2"/>
      <line num="370" type="stmt" count="0"/>
      <line num="373" type="stmt" count="2"/>
      <line num="374" type="stmt" count="0"/>
      <line num="377" type="stmt" count="2"/>
      <line num="378" type="stmt" count="0"/>
      <line num="382" type="stmt" count="2"/>
      <line num="383" type="stmt" count="2"/>
      <line num="384" type="stmt" count="2"/>
      <line num="385" type="stmt" count="2"/>
      <line num="386" type="stmt" count="2"/>
      <line num="387" type="stmt" count="2"/>
      <line num="393" type="method" name="extractModel" visibility="private" complexity="4" crap="4.01" count="3"/>
      <line num="395" type="stmt" count="3"/>
      <line num="396" type="stmt" count="3"/>
      <line num="397" type="stmt" count="3"/>
      <line num="398" type="stmt" count="3"/>
      <line num="399" type="stmt" count="3"/>
      <line num="400" type="stmt" count="3"/>
      <line num="401" type="stmt" count="3"/>
      <line num="403" type="stmt" count="3"/>
      <line num="404" type="stmt" count="3"/>
      <line num="405" type="stmt" count="3"/>
      <line num="409" type="stmt" count="0"/>
      <metrics loc="412" ncloc="379" classes="1" methods="9" coveredmethods="1" conditionals="0" coveredconditionals="0" statements="218" coveredstatements="172" elements="227" coveredelements="173"/>
    </file>
    <file name="/Users/admin/Desktop/Proyecto Marvel local y Hosting/clean-marvel/src/Activities/Application/DTO/RecordActivityRequest.php">
      <class name="App\Activities\Application\DTO\RecordActivityRequest" namespace="global">
        <metrics complexity="1" methods="1" coveredmethods="1" conditionals="0" coveredconditionals="0" statements="1" coveredstatements="1" elements="2" coveredelements="2"/>
      </class>
      <line num="9" type="method" name="__construct" visibility="public" complexity="1" crap="1" count="7"/>
      <line num="15" type="stmt" count="7"/>
      <metrics loc="17" ncloc="17" classes="1" methods="1" coveredmethods="1" conditionals="0" coveredconditionals="0" statements="1" coveredstatements="1" elements="2" coveredelements="2"/>
    </file>
    <file name="/Users/admin/Desktop/Proyecto Marvel local y Hosting/clean-marvel/src/Activities/Application/UseCase/ClearActivityLogUseCase.php">
      <class name="App\Activities\Application\UseCase\ClearActivityLogUseCase" namespace="global">
        <metrics complexity="2" methods="2" coveredmethods="2" conditionals="0" coveredconditionals="0" statements="4" coveredstatements="4" elements="6" coveredelements="6"/>
      </class>
      <line num="12" type="method" name="__construct" visibility="public" complexity="1" crap="1" count="11"/>
      <line num="14" type="stmt" count="11"/>
      <line num="16" type="method" name="execute" visibility="public" complexity="1" crap="1" count="2"/>
      <line num="18" type="stmt" count="2"/>
      <line num="19" type="stmt" count="1"/>
      <line num="21" type="stmt" count="1"/>
      <metrics loc="24" ncloc="24" classes="1" methods="2" coveredmethods="2" conditionals="0" coveredconditionals="0" statements="4" coveredstatements="4" elements="6" coveredelements="6"/>
    </file>
    <file name="/Users/admin/Desktop/Proyecto Marvel local y Hosting/clean-marvel/src/Activities/Application/UseCase/ListActivityLogUseCase.php">
      <class name="App\Activities\Application\UseCase\ListActivityLogUseCase" namespace="global">
        <metrics complexity="2" methods="2" coveredmethods="2" conditionals="0" coveredconditionals="0" statements="7" coveredstatements="7" elements="9" coveredelements="9"/>
      </class>
      <line num="12" type="method" name="__construct" visibility="public" complexity="1" crap="1" count="11"/>
      <line num="14" type="stmt" count="11"/>
      <line num="19" type="method" name="execute" visibility="public" complexity="1" crap="1" count="3"/>
      <line num="21" type="stmt" count="3"/>
      <line num="22" type="stmt" count="3"/>
      <line num="24" type="stmt" count="3"/>
      <line num="25" type="stmt" count="3"/>
      <line num="26" type="stmt" count="3"/>
      <line num="27" type="stmt" count="3"/>
      <metrics loc="30" ncloc="27" classes="1" methods="2" coveredmethods="2" conditionals="0" coveredconditionals="0" statements="7" coveredstatements="7" elements="9" coveredelements="9"/>
    </file>
    <file name="/Users/admin/Desktop/Proyecto Marvel local y Hosting/clean-marvel/src/Activities/Application/UseCase/RecordActivityUseCase.php">
      <class name="App\Activities\Application\UseCase\RecordActivityUseCase" namespace="global">
        <metrics complexity="2" methods="2" coveredmethods="2" conditionals="0" coveredconditionals="0" statements="6" coveredstatements="6" elements="8" coveredelements="8"/>
      </class>
      <line num="14" type="method" name="__construct" visibility="public" complexity="1" crap="1" count="12"/>
      <line num="16" type="stmt" count="12"/>
      <line num="21" type="method" name="execute" visibility="public" complexity="1" crap="1" count="7"/>
      <line num="23" type="stmt" count="7"/>
      <line num="24" type="stmt" count="7"/>
      <line num="26" type="stmt" count="7"/>
      <line num="28" type="stmt" count="6"/>
      <line num="30" type="stmt" count="5"/>
      <metrics loc="33" ncloc="30" classes="1" methods="2" coveredmethods="2" conditionals="0" coveredconditionals="0" statements="6" coveredstatements="6" elements="8" coveredelements="8"/>
    </file>
    <file name="/Users/admin/Desktop/Proyecto Marvel local y Hosting/clean-marvel/src/Activities/Domain/ActivityEntry.php">
      <class name="App\Activities\Domain\ActivityEntry" namespace="global">
        <metrics complexity="16" methods="11" coveredmethods="10" conditionals="0" coveredconditionals="0" statements="42" coveredstatements="41" elements="53" coveredelements="51"/>
      </class>
      <line num="11" type="method" name="__construct" visibility="private" complexity="1" crap="1" count="13"/>
      <line num="18" type="stmt" count="13"/>
      <line num="20" type="method" name="create" visibility="public" complexity="3" crap="3" count="14"/>
      <line num="22" type="stmt" count="14"/>
      <line num="23" type="stmt" count="14"/>
      <line num="24" type="stmt" count="14"/>
      <line num="25" type="stmt" count="14"/>
      <line num="27" type="stmt" count="14"/>
      <line num="28" type="stmt" count="1"/>
      <line num="31" type="stmt" count="13"/>
      <line num="32" type="stmt" count="1"/>
      <line num="35" type="stmt" count="12"/>
      <line num="36" type="stmt" count="12"/>
      <line num="37" type="stmt" count="12"/>
      <line num="38" type="stmt" count="12"/>
      <line num="39" type="stmt" count="12"/>
      <line num="40" type="stmt" count="12"/>
      <line num="41" type="stmt" count="12"/>
      <line num="47" type="method" name="fromPrimitives" visibility="public" complexity="2" crap="2" count="5"/>
      <line num="49" type="stmt" count="5"/>
      <line num="50" type="stmt" count="5"/>
      <line num="51" type="stmt" count="5"/>
      <line num="52" type="stmt" count="5"/>
      <line num="54" type="stmt" count="5"/>
      <line num="55" type="stmt" count="5"/>
      <line num="57" type="stmt" count="5"/>
      <line num="60" type="method" name="scope" visibility="public" complexity="1" crap="1" count="11"/>
      <line num="62" type="stmt" count="11"/>
      <line num="65" type="method" name="contextId" visibility="public" complexity="1" crap="1" count="10"/>
      <line num="67" type="stmt" count="10"/>
      <line num="70" type="method" name="action" visibility="public" complexity="1" crap="1" count="6"/>
      <line num="72" type="stmt" count="6"/>
      <line num="75" type="method" name="title" visibility="public" complexity="1" crap="1" count="4"/>
      <line num="77" type="stmt" count="4"/>
      <line num="80" type="method" name="occurredAt" visibility="public" complexity="1" crap="1" count="2"/>
      <line num="82" type="stmt" count="2"/>
      <line num="88" type="method" name="toPrimitives" visibility="public" complexity="1" crap="1" count="10"/>
      <line num="90" type="stmt" count="10"/>
      <line num="91" type="stmt" count="10"/>
      <line num="92" type="stmt" count="10"/>
      <line num="93" type="stmt" count="10"/>
      <line num="94" type="stmt" count="10"/>
      <line num="95" type="stmt" count="10"/>
      <line num="96" type="stmt" count="10"/>
      <line num="99" type="method" name="sanitize" visibility="private" complexity="1" crap="1" count="15"/>
      <line num="101" type="stmt" count="15"/>
      <line num="103" type="stmt" count="15"/>
      <line num="106" type="method" name="parseDate" visibility="private" complexity="3" crap="3.07" count="5"/>
      <line num="108" type="stmt" count="5"/>
      <line num="109" type="stmt" count="0"/>
      <line num="113" type="stmt" count="5"/>
      <line num="114" type="stmt" count="1"/>
      <line num="115" type="stmt" count="1"/>
      <metrics loc="119" ncloc="113" classes="1" methods="11" coveredmethods="10" conditionals="0" coveredconditionals="0" statements="42" coveredstatements="41" elements="53" coveredelements="51"/>
    </file>
    <file name="/Users/admin/Desktop/Proyecto Marvel local y Hosting/clean-marvel/src/Activities/Domain/ActivityLogRepository.php">
      <metrics loc="18" ncloc="15" classes="0" methods="0" coveredmethods="0" conditionals="0" coveredconditionals="0" statements="0" coveredstatements="0" elements="0" coveredelements="0"/>
    </file>
    <file name="/Users/admin/Desktop/Proyecto Marvel local y Hosting/clean-marvel/src/Activities/Domain/ActivityScope.php">
      <class name="App\Activities\Domain\ActivityScope" namespace="global">
        <metrics complexity="11" methods="5" coveredmethods="4" conditionals="0" coveredconditionals="0" statements="21" coveredstatements="20" elements="26" coveredelements="24"/>
      </class>
      <line num="16" type="method" name="all" visibility="public" complexity="1" crap="1" count="17"/>
      <line num="18" type="stmt" count="17"/>
      <line num="19" type="stmt" count="17"/>
      <line num="20" type="stmt" count="17"/>
      <line num="21" type="stmt" count="17"/>
      <line num="22" type="stmt" count="17"/>
      <line num="25" type="method" name="assertValid" visibility="public" complexity="2" crap="2" count="17"/>
      <line num="27" type="stmt" count="17"/>
      <line num="29" type="stmt" count="17"/>
      <line num="30" type="stmt" count="2"/>
      <line num="33" type="stmt" count="16"/>
      <line num="36" type="method" name="requiresContext" visibility="public" complexity="1" crap="1" count="16"/>
      <line num="38" type="stmt" count="16"/>
      <line num="41" type="method" name="normalizeContext" visibility="public" complexity="4" crap="4.07" count="15"/>
      <line num="43" type="stmt" count="15"/>
      <line num="44" type="stmt" count="11"/>
      <line num="47" type="stmt" count="5"/>
      <line num="49" type="stmt" count="5"/>
      <line num="50" type="stmt" count="0"/>
      <line num="53" type="stmt" count="5"/>
      <line num="59" type="method" name="fileName" visibility="public" complexity="3" crap="3" count="3"/>
      <line num="61" type="stmt" count="3"/>
      <line num="63" type="stmt" count="3"/>
      <line num="64" type="stmt" count="3"/>
      <line num="67" type="stmt" count="1"/>
      <line num="69" type="stmt" count="1"/>
      <metrics loc="72" ncloc="66" classes="1" methods="5" coveredmethods="4" conditionals="0" coveredconditionals="0" statements="21" coveredstatements="20" elements="26" coveredelements="24"/>
    </file>
    <file name="/Users/admin/Desktop/Proyecto Marvel local y Hosting/clean-marvel/src/Activities/Infrastructure/Persistence/DbActivityLogRepository.php">
      <class name="App\Activities\Infrastructure\Persistence\DbActivityLogRepository" namespace="global">
        <metrics complexity="10" methods="5" coveredmethods="3" conditionals="0" coveredconditionals="0" statements="49" coveredstatements="46" elements="54" coveredelements="49"/>
      </class>
      <line num="16" type="method" name="__construct" visibility="public" complexity="1" crap="1" count="2"/>
      <line num="20" type="stmt" count="2"/>
      <line num="25" type="method" name="all" visibility="public" complexity="5" crap="5.01" count="2"/>
      <line num="27" type="stmt" count="2"/>
      <line num="28" type="stmt" count="2"/>
      <line num="30" type="stmt" count="2"/>
      <line num="31" type="stmt" count="2"/>
      <line num="32" type="stmt" count="2"/>
      <line num="34" type="stmt" count="1"/>
      <line num="37" type="stmt" count="2"/>
      <line num="39" type="stmt" count="2"/>
      <line num="40" type="stmt" count="2"/>
      <line num="41" type="stmt" count="0"/>
      <line num="43" type="stmt" count="2"/>
      <line num="44" type="stmt" count="2"/>
      <line num="46" type="stmt" count="2"/>
      <line num="47" type="stmt" count="2"/>
      <line num="49" type="stmt" count="2"/>
      <line num="50" type="stmt" count="2"/>
      <line num="51" type="stmt" count="0"/>
      <line num="53" type="stmt" count="2"/>
      <line num="55" type="stmt" count="2"/>
      <line num="56" type="stmt" count="2"/>
      <line num="57" type="stmt" count="2"/>
      <line num="58" type="stmt" count="2"/>
      <line num="59" type="stmt" count="2"/>
      <line num="60" type="stmt" count="2"/>
      <line num="61" type="stmt" count="2"/>
      <line num="62" type="stmt" count="2"/>
      <line num="63" type="stmt" count="2"/>
      <line num="64" type="stmt" count="2"/>
      <line num="67" type="method" name="append" visibility="public" complexity="1" crap="1" count="2"/>
      <line num="69" type="stmt" count="2"/>
      <line num="70" type="stmt" count="2"/>
      <line num="71" type="stmt" count="2"/>
      <line num="73" type="stmt" count="2"/>
      <line num="74" type="stmt" count="2"/>
      <line num="75" type="stmt" count="2"/>
      <line num="76" type="stmt" count="2"/>
      <line num="77" type="stmt" count="2"/>
      <line num="78" type="stmt" count="2"/>
      <line num="79" type="stmt" count="2"/>
      <line num="80" type="stmt" count="2"/>
      <line num="83" type="method" name="clear" visibility="public" complexity="2" crap="2.01" count="1"/>
      <line num="85" type="stmt" count="1"/>
      <line num="86" type="stmt" count="1"/>
      <line num="88" type="stmt" count="1"/>
      <line num="89" type="stmt" count="1"/>
      <line num="90" type="stmt" count="1"/>
      <line num="92" type="stmt" count="0"/>
      <line num="95" type="stmt" count="1"/>
      <line num="96" type="stmt" count="1"/>
      <line num="99" type="method" name="formatDate" visibility="private" complexity="1" crap="1" count="2"/>
      <line num="101" type="stmt" count="2"/>
      <metrics loc="104" ncloc="101" classes="1" methods="5" coveredmethods="3" conditionals="0" coveredconditionals="0" statements="49" coveredstatements="46" elements="54" coveredelements="49"/>
    </file>
    <file name="/Users/admin/Desktop/Proyecto Marvel local y Hosting/clean-marvel/src/Activities/Infrastructure/Persistence/FileActivityLogRepository.php">
      <class name="App\Activities\Infrastructure\Persistence\FileActivityLogRepository" namespace="global">
        <metrics complexity="14" methods="7" coveredmethods="5" conditionals="0" coveredconditionals="0" statements="43" coveredstatements="39" elements="50" coveredelements="44"/>
      </class>
      <line num="13" type="method" name="__construct" visibility="public" complexity="1" crap="1" count="4"/>
      <line num="17" type="stmt" count="4"/>
      <line num="23" type="method" name="all" visibility="public" complexity="5" crap="5.03" count="2"/>
      <line num="25" type="stmt" count="2"/>
      <line num="27" type="stmt" count="2"/>
      <line num="28" type="stmt" count="2"/>
      <line num="31" type="stmt" count="1"/>
      <line num="32" type="stmt" count="1"/>
      <line num="33" type="stmt" count="0"/>
      <line num="36" type="stmt" count="1"/>
      <line num="37" type="stmt" count="1"/>
      <line num="38" type="stmt" count="0"/>
      <line num="41" type="stmt" count="1"/>
      <line num="42" type="stmt" count="1"/>
      <line num="43" type="stmt" count="1"/>
      <line num="44" type="stmt" count="1"/>
      <line num="45" type="stmt" count="1"/>
      <line num="46" type="stmt" count="1"/>
      <line num="48" type="stmt" count="1"/>
      <line num="49" type="stmt" count="1"/>
      <line num="50" type="stmt" count="1"/>
      <line num="51" type="stmt" count="1"/>
      <line num="54" type="method" name="append" visibility="public" complexity="1" crap="1" count="2"/>
      <line num="56" type="stmt" count="2"/>
      <line num="57" type="stmt" count="2"/>
      <line num="59" type="stmt" count="2"/>
      <line num="61" type="stmt" count="2"/>
      <line num="63" type="stmt" count="2"/>
      <line num="65" type="stmt" count="2"/>
      <line num="68" type="method" name="clear" visibility="public" complexity="1" crap="1" count="1"/>
      <line num="70" type="stmt" count="1"/>
      <line num="71" type="stmt" count="1"/>
      <line num="73" type="stmt" count="1"/>
      <line num="79" type="method" name="persist" visibility="private" complexity="1" crap="1" count="2"/>
      <line num="81" type="stmt" count="2"/>
      <line num="82" type="stmt" count="2"/>
      <line num="83" type="stmt" count="2"/>
      <line num="84" type="stmt" count="2"/>
      <line num="86" type="stmt" count="2"/>
      <line num="87" type="stmt" count="2"/>
      <line num="88" type="stmt" count="2"/>
      <line num="89" type="stmt" count="2"/>
      <line num="92" type="method" name="filePath" visibility="private" complexity="1" crap="1" count="2"/>
      <line num="94" type="stmt" count="2"/>
      <line num="96" type="stmt" count="2"/>
      <line num="99" type="method" name="ensureDirectory" visibility="private" complexity="4" crap="6.00" count="4"/>
      <line num="101" type="stmt" count="4"/>
      <line num="102" type="stmt" count="0"/>
      <line num="105" type="stmt" count="4"/>
      <line num="106" type="stmt" count="0"/>
      <metrics loc="110" ncloc="104" classes="1" methods="7" coveredmethods="5" conditionals="0" coveredconditionals="0" statements="43" coveredstatements="39" elements="50" coveredelements="44"/>
    </file>
    <file name="/Users/admin/Desktop/Proyecto Marvel local y Hosting/clean-marvel/src/Albums/Application/DTO/AlbumResponse.php">
      <class name="App\Albums\Application\DTO\AlbumResponse" namespace="global">
        <metrics complexity="3" methods="3" coveredmethods="3" conditionals="0" coveredconditionals="0" statements="16" coveredstatements="16" elements="19" coveredelements="19"/>
      </class>
      <line num="11" type="method" name="__construct" visibility="public" complexity="1" crap="1" count="17"/>
      <line num="18" type="stmt" count="17"/>
      <line num="20" type="method" name="fromAlbum" visibility="public" complexity="1" crap="1" count="17"/>
      <line num="22" type="stmt" count="17"/>
      <line num="23" type="stmt" count="17"/>
      <line num="24" type="stmt" count="17"/>
      <line num="25" type="stmt" count="17"/>
      <line num="26" type="stmt" count="17"/>
      <line num="27" type="stmt" count="17"/>
      <line num="28" type="stmt" count="17"/>
      <line num="29" type="stmt" count="17"/>
      <line num="35" type="method" name="toArray" visibility="public" complexity="1" crap="1" count="17"/>
      <line num="37" type="stmt" count="17"/>
      <line num="38" type="stmt" count="17"/>
      <line num="39" type="stmt" count="17"/>
      <line num="40" type="stmt" count="17"/>
      <line num="41" type="stmt" count="17"/>
      <line num="42" type="stmt" count="17"/>
      <line num="43" type="stmt" count="17"/>
      <metrics loc="46" ncloc="43" classes="1" methods="3" coveredmethods="3" conditionals="0" coveredconditionals="0" statements="16" coveredstatements="16" elements="19" coveredelements="19"/>
    </file>
    <file name="/Users/admin/Desktop/Proyecto Marvel local y Hosting/clean-marvel/src/Albums/Application/DTO/CreateAlbumRequest.php">
      <class name="App\Albums\Application\DTO\CreateAlbumRequest" namespace="global">
        <metrics complexity="5" methods="3" coveredmethods="3" conditionals="0" coveredconditionals="0" statements="6" coveredstatements="6" elements="9" coveredelements="9"/>
      </class>
      <line num="9" type="method" name="__construct" visibility="public" complexity="1" crap="1" count="11"/>
      <line num="13" type="stmt" count="11"/>
      <line num="15" type="method" name="nombre" visibility="public" complexity="1" crap="1" count="11"/>
      <line num="17" type="stmt" count="11"/>
      <line num="20" type="method" name="coverImage" visibility="public" complexity="3" crap="3" count="11"/>
      <line num="22" type="stmt" count="11"/>
      <line num="23" type="stmt" count="10"/>
      <line num="26" type="stmt" count="1"/>
      <line num="28" type="stmt" count="1"/>
      <metrics loc="31" ncloc="31" classes="1" methods="3" coveredmethods="3" conditionals="0" coveredconditionals="0" statements="6" coveredstatements="6" elements="9" coveredelements="9"/>
    </file>
    <file name="/Users/admin/Desktop/Proyecto Marvel local y Hosting/clean-marvel/src/Albums/Application/DTO/UpdateAlbumRequest.php">
      <class name="App\Albums\Application\DTO\UpdateAlbumRequest" namespace="global">
        <metrics complexity="9" methods="5" coveredmethods="4" conditionals="0" coveredconditionals="0" statements="11" coveredstatements="10" elements="16" coveredelements="14"/>
      </class>
      <line num="9" type="method" name="__construct" visibility="public" complexity="1" crap="1" count="6"/>
      <line num="15" type="stmt" count="6"/>
      <line num="17" type="method" name="albumId" visibility="public" complexity="1" crap="1" count="6"/>
      <line num="19" type="stmt" count="6"/>
      <line num="22" type="method" name="nombre" visibility="public" complexity="3" crap="3" count="5"/>
      <line num="24" type="stmt" count="5"/>
      <line num="25" type="stmt" count="2"/>
      <line num="28" type="stmt" count="3"/>
      <line num="30" type="stmt" count="3"/>
      <line num="33" type="method" name="hasCoverImage" visibility="public" complexity="1" crap="1" count="5"/>
      <line num="35" type="stmt" count="5"/>
      <line num="38" type="method" name="coverImage" visibility="public" complexity="3" crap="3.14" count="2"/>
      <line num="40" type="stmt" count="2"/>
      <line num="41" type="stmt" count="0"/>
      <line num="44" type="stmt" count="2"/>
      <line num="46" type="stmt" count="2"/>
      <metrics loc="49" ncloc="49" classes="1" methods="5" coveredmethods="4" conditionals="0" coveredconditionals="0" statements="11" coveredstatements="10" elements="16" coveredelements="14"/>
    </file>
    <file name="/Users/admin/Desktop/Proyecto Marvel local y Hosting/clean-marvel/src/Albums/Application/UseCase/CreateAlbumUseCase.php">
      <class name="App\Albums\Application\UseCase\CreateAlbumUseCase" namespace="global">
        <metrics complexity="3" methods="3" coveredmethods="3" conditionals="0" coveredconditionals="0" statements="19" coveredstatements="19" elements="22" coveredelements="22"/>
      </class>
      <line num="14" type="method" name="__construct" visibility="public" complexity="1" crap="1" count="15"/>
      <line num="16" type="stmt" count="15"/>
      <line num="18" type="method" name="execute" visibility="public" complexity="1" crap="1" count="11"/>
      <line num="20" type="stmt" count="11"/>
      <line num="21" type="stmt" count="11"/>
      <line num="22" type="stmt" count="11"/>
      <line num="23" type="stmt" count="11"/>
      <line num="24" type="stmt" count="11"/>
      <line num="25" type="stmt" count="10"/>
      <line num="27" type="stmt" count="10"/>
      <line num="30" type="method" name="generateUuid" visibility="private" complexity="1" crap="1" count="11"/>
      <line num="32" type="stmt" count="11"/>
      <line num="33" type="stmt" count="11"/>
      <line num="34" type="stmt" count="11"/>
      <line num="36" type="stmt" count="11"/>
      <line num="37" type="stmt" count="11"/>
      <line num="38" type="stmt" count="11"/>
      <line num="39" type="stmt" count="11"/>
      <line num="40" type="stmt" count="11"/>
      <line num="41" type="stmt" count="11"/>
      <line num="42" type="stmt" count="11"/>
      <line num="44" type="stmt" count="11"/>
      <metrics loc="47" ncloc="47" classes="1" methods="3" coveredmethods="3" conditionals="0" coveredconditionals="0" statements="19" coveredstatements="19" elements="22" coveredelements="22"/>
    </file>
    <file name="/Users/admin/Desktop/Proyecto Marvel local y Hosting/clean-marvel/src/Albums/Application/UseCase/DeleteAlbumUseCase.php">
      <class name="App\Albums\Application\UseCase\DeleteAlbumUseCase" namespace="global">
        <metrics complexity="3" methods="2" coveredmethods="2" conditionals="0" coveredconditionals="0" statements="6" coveredstatements="6" elements="8" coveredelements="8"/>
      </class>
      <line num="13" type="method" name="__construct" visibility="public" complexity="1" crap="1" count="9"/>
      <line num="17" type="stmt" count="9"/>
      <line num="19" type="method" name="execute" visibility="public" complexity="2" crap="2" count="3"/>
      <line num="21" type="stmt" count="3"/>
      <line num="23" type="stmt" count="3"/>
      <line num="24" type="stmt" count="2"/>
      <line num="27" type="stmt" count="1"/>
      <line num="28" type="stmt" count="1"/>
      <metrics loc="31" ncloc="31" classes="1" methods="2" coveredmethods="2" conditionals="0" coveredconditionals="0" statements="6" coveredstatements="6" elements="8" coveredelements="8"/>
    </file>
    <file name="/Users/admin/Desktop/Proyecto Marvel local y Hosting/clean-marvel/src/Albums/Application/UseCase/FindAlbumUseCase.php">
      <class name="App\Albums\Application\UseCase\FindAlbumUseCase" namespace="global">
        <metrics complexity="3" methods="2" coveredmethods="2" conditionals="0" coveredconditionals="0" statements="5" coveredstatements="5" elements="7" coveredelements="7"/>
      </class>
      <line num="13" type="method" name="__construct" visibility="public" complexity="1" crap="1" count="9"/>
      <line num="15" type="stmt" count="9"/>
      <line num="20" type="method" name="execute" visibility="public" complexity="2" crap="2" count="2"/>
      <line num="22" type="stmt" count="2"/>
      <line num="24" type="stmt" count="2"/>
      <line num="25" type="stmt" count="1"/>
      <line num="28" type="stmt" count="1"/>
      <metrics loc="31" ncloc="28" classes="1" methods="2" coveredmethods="2" conditionals="0" coveredconditionals="0" statements="5" coveredstatements="5" elements="7" coveredelements="7"/>
    </file>
    <file name="/Users/admin/Desktop/Proyecto Marvel local y Hosting/clean-marvel/src/Albums/Application/UseCase/ListAlbumsUseCase.php">
      <class name="App\Albums\Application\UseCase\ListAlbumsUseCase" namespace="global">
        <metrics complexity="2" methods="2" coveredmethods="2" conditionals="0" coveredconditionals="0" statements="5" coveredstatements="5" elements="7" coveredelements="7"/>
      </class>
      <line num="13" type="method" name="__construct" visibility="public" complexity="1" crap="1" count="11"/>
      <line num="15" type="stmt" count="11"/>
      <line num="20" type="method" name="execute" visibility="public" complexity="1" crap="1" count="3"/>
      <line num="22" type="stmt" count="3"/>
      <line num="23" type="stmt" count="3"/>
      <line num="24" type="stmt" count="3"/>
      <line num="25" type="stmt" count="3"/>
      <metrics loc="28" ncloc="25" classes="1" methods="2" coveredmethods="2" conditionals="0" coveredconditionals="0" statements="5" coveredstatements="5" elements="7" coveredelements="7"/>
    </file>
    <file name="/Users/admin/Desktop/Proyecto Marvel local y Hosting/clean-marvel/src/Albums/Application/UseCase/UpdateAlbumUseCase.php">
      <class name="App\Albums\Application\UseCase\UpdateAlbumUseCase" namespace="global">
        <metrics complexity="8" methods="2" coveredmethods="2" conditionals="0" coveredconditionals="0" statements="18" coveredstatements="18" elements="20" coveredelements="20"/>
      </class>
      <line num="16" type="method" name="__construct" visibility="public" complexity="1" crap="1" count="12"/>
      <line num="20" type="stmt" count="12"/>
      <line num="22" type="method" name="execute" visibility="public" complexity="7" crap="7" count="6"/>
      <line num="24" type="stmt" count="6"/>
      <line num="26" type="stmt" count="6"/>
      <line num="27" type="stmt" count="1"/>
      <line num="30" type="stmt" count="5"/>
      <line num="32" type="stmt" count="5"/>
      <line num="33" type="stmt" count="5"/>
      <line num="34" type="stmt" count="2"/>
      <line num="35" type="stmt" count="2"/>
      <line num="38" type="stmt" count="5"/>
      <line num="39" type="stmt" count="2"/>
      <line num="40" type="stmt" count="2"/>
      <line num="41" type="stmt" count="2"/>
      <line num="42" type="stmt" count="2"/>
      <line num="46" type="stmt" count="5"/>
      <line num="47" type="stmt" count="4"/>
      <line num="48" type="stmt" count="4"/>
      <line num="51" type="stmt" count="5"/>
      <metrics loc="54" ncloc="54" classes="1" methods="2" coveredmethods="2" conditionals="0" coveredconditionals="0" statements="18" coveredstatements="18" elements="20" coveredelements="20"/>
    </file>
    <file name="/Users/admin/Desktop/Proyecto Marvel local y Hosting/clean-marvel/src/Albums/Domain/Entity/Album.php">
      <class name="App\Albums\Domain\Entity\Album" namespace="global">
        <metrics complexity="20" methods="14" coveredmethods="12" conditionals="0" coveredconditionals="0" statements="44" coveredstatements="39" elements="58" coveredelements="51"/>
      </class>
      <line num="13" type="method" name="__construct" visibility="private" complexity="1" crap="1" count="44"/>
      <line num="20" type="stmt" count="44"/>
      <line num="23" type="method" name="create" visibility="public" complexity="1" crap="1" count="40"/>
      <line num="25" type="stmt" count="40"/>
      <line num="27" type="stmt" count="40"/>
      <line num="33" type="method" name="fromPrimitives" visibility="public" complexity="3" crap="3.14" count="10"/>
      <line num="35" type="stmt" count="10"/>
      <line num="37" type="stmt" count="10"/>
      <line num="38" type="stmt" count="10"/>
      <line num="41" type="stmt" count="10"/>
      <line num="42" type="stmt" count="0"/>
      <line num="43" type="stmt" count="0"/>
      <line num="47" type="stmt" count="10"/>
      <line num="48" type="stmt" count="0"/>
      <line num="49" type="stmt" count="0"/>
      <line num="52" type="stmt" count="10"/>
      <line num="53" type="stmt" count="10"/>
      <line num="54" type="stmt" count="10"/>
      <line num="55" type="stmt" count="10"/>
      <line num="56" type="stmt" count="10"/>
      <line num="57" type="stmt" count="10"/>
      <line num="58" type="stmt" count="10"/>
      <line num="61" type="method" name="renombrar" visibility="public" complexity="1" crap="1" count="3"/>
      <line num="63" type="stmt" count="3"/>
      <line num="64" type="stmt" count="3"/>
      <line num="65" type="stmt" count="3"/>
      <line num="68" type="method" name="actualizarCover" visibility="public" complexity="1" crap="1" count="5"/>
      <line num="70" type="stmt" count="5"/>
      <line num="71" type="stmt" count="5"/>
      <line num="77" type="method" name="toPrimitives" visibility="public" complexity="1" crap="1" count="22"/>
      <line num="79" type="stmt" count="22"/>
      <line num="80" type="stmt" count="22"/>
      <line num="81" type="stmt" count="22"/>
      <line num="82" type="stmt" count="22"/>
      <line num="83" type="stmt" count="22"/>
      <line num="84" type="stmt" count="22"/>
      <line num="85" type="stmt" count="22"/>
      <line num="88" type="method" name="albumId" visibility="public" complexity="1" crap="1" count="35"/>
      <line num="90" type="stmt" count="35"/>
      <line num="93" type="method" name="nombre" visibility="public" complexity="1" crap="1" count="29"/>
      <line num="95" type="stmt" count="29"/>
      <line num="98" type="method" name="coverImage" visibility="public" complexity="1" crap="1" count="21"/>
      <line num="100" type="stmt" count="21"/>
      <line num="103" type="method" name="createdAt" visibility="public" complexity="1" crap="1" count="11"/>
      <line num="105" type="stmt" count="11"/>
      <line num="108" type="method" name="updatedAt" visibility="public" complexity="1" crap="1" count="10"/>
      <line num="110" type="stmt" count="10"/>
      <line num="113" type="method" name="assertNombre" visibility="private" complexity="2" crap="2" count="44"/>
      <line num="115" type="stmt" count="44"/>
      <line num="116" type="stmt" count="2"/>
      <line num="120" type="method" name="normalizeCover" visibility="private" complexity="3" crap="3" count="44"/>
      <line num="122" type="stmt" count="44"/>
      <line num="124" type="stmt" count="44"/>
      <line num="127" type="method" name="touch" visibility="private" complexity="2" crap="2.06" count="7"/>
      <line num="129" type="stmt" count="7"/>
      <line num="131" type="stmt" count="7"/>
      <line num="132" type="stmt" count="0"/>
      <line num="135" type="stmt" count="7"/>
      <metrics loc="138" ncloc="132" classes="1" methods="14" coveredmethods="12" conditionals="0" coveredconditionals="0" statements="44" coveredstatements="39" elements="58" coveredelements="51"/>
    </file>
    <file name="/Users/admin/Desktop/Proyecto Marvel local y Hosting/clean-marvel/src/Albums/Domain/Event/AlbumCreated.php">
      <class name="App\Albums\Domain\Event\AlbumCreated" namespace="global">
        <metrics complexity="6" methods="6" coveredmethods="6" conditionals="0" coveredconditionals="0" statements="13" coveredstatements="13" elements="19" coveredelements="19"/>
      </class>
      <line num="12" type="method" name="__construct" visibility="public" complexity="1" crap="1" count="2"/>
      <line num="18" type="stmt" count="2"/>
      <line num="21" type="method" name="eventName" visibility="public" complexity="1" crap="1" count="1"/>
      <line num="23" type="stmt" count="1"/>
      <line num="29" type="method" name="toPrimitives" visibility="public" complexity="1" crap="1" count="1"/>
      <line num="31" type="stmt" count="1"/>
      <line num="32" type="stmt" count="1"/>
      <line num="33" type="stmt" count="1"/>
      <line num="39" type="method" name="fromPrimitives" visibility="public" complexity="1" crap="1" count="1"/>
      <line num="45" type="stmt" count="1"/>
      <line num="46" type="stmt" count="1"/>
      <line num="47" type="stmt" count="1"/>
      <line num="48" type="stmt" count="1"/>
      <line num="49" type="stmt" count="1"/>
      <line num="50" type="stmt" count="1"/>
      <line num="53" type="method" name="name" visibility="public" complexity="1" crap="1" count="2"/>
      <line num="55" type="stmt" count="2"/>
      <line num="58" type="method" name="forAlbum" visibility="public" complexity="1" crap="1" count="1"/>
      <line num="60" type="stmt" count="1"/>
      <metrics loc="63" ncloc="57" classes="1" methods="6" coveredmethods="6" conditionals="0" coveredconditionals="0" statements="13" coveredstatements="13" elements="19" coveredelements="19"/>
    </file>
    <file name="/Users/admin/Desktop/Proyecto Marvel local y Hosting/clean-marvel/src/Albums/Domain/Event/AlbumUpdated.php">
      <class name="App\Albums\Domain\Event\AlbumUpdated" namespace="global">
        <metrics complexity="7" methods="7" coveredmethods="6" conditionals="0" coveredconditionals="0" statements="25" coveredstatements="18" elements="32" coveredelements="24"/>
      </class>
      <line num="13" type="method" name="__construct" visibility="public" complexity="1" crap="1" count="8"/>
      <line num="20" type="stmt" count="8"/>
      <line num="23" type="method" name="eventName" visibility="public" complexity="1" crap="1" count="7"/>
      <line num="25" type="stmt" count="7"/>
      <line num="31" type="method" name="toPrimitives" visibility="public" complexity="1" crap="1" count="1"/>
      <line num="33" type="stmt" count="1"/>
      <line num="34" type="stmt" count="1"/>
      <line num="35" type="stmt" count="1"/>
      <line num="36" type="stmt" count="1"/>
      <line num="37" type="stmt" count="1"/>
      <line num="38" type="stmt" count="1"/>
      <line num="39" type="stmt" count="1"/>
      <line num="45" type="method" name="fromPrimitives" visibility="public" complexity="1" crap="2" count="0"/>
      <line num="51" type="stmt" count="0"/>
      <line num="52" type="stmt" count="0"/>
      <line num="53" type="stmt" count="0"/>
      <line num="54" type="stmt" count="0"/>
      <line num="55" type="stmt" count="0"/>
      <line num="56" type="stmt" count="0"/>
      <line num="57" type="stmt" count="0"/>
      <line num="60" type="method" name="fromAlbum" visibility="public" complexity="1" crap="1" count="6"/>
      <line num="62" type="stmt" count="6"/>
      <line num="63" type="stmt" count="6"/>
      <line num="64" type="stmt" count="6"/>
      <line num="65" type="stmt" count="6"/>
      <line num="66" type="stmt" count="6"/>
      <line num="67" type="stmt" count="6"/>
      <line num="68" type="stmt" count="6"/>
      <line num="71" type="method" name="nombre" visibility="public" complexity="1" crap="1" count="1"/>
      <line num="73" type="stmt" count="1"/>
      <line num="76" type="method" name="coverImage" visibility="public" complexity="1" crap="1" count="4"/>
      <line num="78" type="stmt" count="4"/>
      <metrics loc="81" ncloc="75" classes="1" methods="7" coveredmethods="6" conditionals="0" coveredconditionals="0" statements="25" coveredstatements="18" elements="32" coveredelements="24"/>
    </file>
    <file name="/Users/admin/Desktop/Proyecto Marvel local y Hosting/clean-marvel/src/Albums/Domain/Repository/AlbumRepository.php">
      <metrics loc="22" ncloc="19" classes="0" methods="0" coveredmethods="0" conditionals="0" coveredconditionals="0" statements="0" coveredstatements="0" elements="0" coveredelements="0"/>
    </file>
    <file name="/Users/admin/Desktop/Proyecto Marvel local y Hosting/clean-marvel/src/Albums/Infrastructure/Persistence/DbAlbumRepository.php">
      <class name="App\Albums\Infrastructure\Persistence\DbAlbumRepository" namespace="global">
        <metrics complexity="12" methods="7" coveredmethods="4" conditionals="0" coveredconditionals="0" statements="34" coveredstatements="31" elements="41" coveredelements="35"/>
      </class>
      <line num="14" type="method" name="__construct" visibility="public" complexity="1" crap="1" count="10"/>
      <line num="16" type="stmt" count="10"/>
      <line num="18" type="method" name="save" visibility="public" complexity="1" crap="1" count="8"/>
      <line num="20" type="stmt" count="8"/>
      <line num="27" type="stmt" count="8"/>
      <line num="29" type="stmt" count="8"/>
      <line num="30" type="stmt" count="8"/>
      <line num="31" type="stmt" count="8"/>
      <line num="32" type="stmt" count="8"/>
      <line num="33" type="stmt" count="8"/>
      <line num="34" type="stmt" count="8"/>
      <line num="35" type="stmt" count="8"/>
      <line num="36" type="stmt" count="8"/>
      <line num="42" type="method" name="all" visibility="public" complexity="2" crap="2.03" count="2"/>
      <line num="44" type="stmt" count="2"/>
      <line num="45" type="stmt" count="2"/>
      <line num="46" type="stmt" count="0"/>
      <line num="49" type="stmt" count="2"/>
      <line num="51" type="stmt" count="2"/>
      <line num="54" type="method" name="find" visibility="public" complexity="3" crap="3.04" count="4"/>
      <line num="56" type="stmt" count="4"/>
      <line num="57" type="stmt" count="4"/>
      <line num="58" type="stmt" count="0"/>
      <line num="60" type="stmt" count="4"/>
      <line num="62" type="stmt" count="4"/>
      <line num="64" type="stmt" count="4"/>
      <line num="67" type="method" name="delete" visibility="public" complexity="2" crap="2.06" count="1"/>
      <line num="69" type="stmt" count="1"/>
      <line num="70" type="stmt" count="1"/>
      <line num="71" type="stmt" count="0"/>
      <line num="73" type="stmt" count="1"/>
      <line num="79" type="method" name="hydrate" visibility="private" complexity="2" crap="2" count="3"/>
      <line num="81" type="stmt" count="3"/>
      <line num="82" type="stmt" count="3"/>
      <line num="83" type="stmt" count="3"/>
      <line num="84" type="stmt" count="3"/>
      <line num="85" type="stmt" count="3"/>
      <line num="86" type="stmt" count="3"/>
      <line num="87" type="stmt" count="3"/>
      <line num="90" type="method" name="formatDate" visibility="private" complexity="1" crap="1" count="8"/>
      <line num="92" type="stmt" count="8"/>
      <metrics loc="95" ncloc="89" classes="1" methods="7" coveredmethods="4" conditionals="0" coveredconditionals="0" statements="34" coveredstatements="31" elements="41" coveredelements="35"/>
    </file>
    <file name="/Users/admin/Desktop/Proyecto Marvel local y Hosting/clean-marvel/src/Albums/Infrastructure/Persistence/FileAlbumRepository.php">
      <class name="App\Albums\Infrastructure\Persistence\FileAlbumRepository" namespace="global">
        <metrics complexity="22" methods="8" coveredmethods="6" conditionals="0" coveredconditionals="0" statements="66" coveredstatements="61" elements="74" coveredelements="67"/>
      </class>
      <line num="12" type="method" name="__construct" visibility="public" complexity="1" crap="1" count="5"/>
      <line num="14" type="stmt" count="5"/>
      <line num="17" type="method" name="save" visibility="public" complexity="1" crap="1" count="3"/>
      <line num="19" type="stmt" count="3"/>
      <line num="20" type="stmt" count="3"/>
      <line num="21" type="stmt" count="3"/>
      <line num="22" type="stmt" count="3"/>
      <line num="23" type="stmt" count="3"/>
      <line num="25" type="stmt" count="3"/>
      <line num="27" type="stmt" count="3"/>
      <line num="28" type="stmt" count="3"/>
      <line num="29" type="stmt" count="3"/>
      <line num="30" type="stmt" count="3"/>
      <line num="32" type="stmt" count="3"/>
      <line num="38" type="method" name="all" visibility="public" complexity="1" crap="1" count="4"/>
      <line num="40" type="stmt" count="4"/>
      <line num="41" type="stmt" count="4"/>
      <line num="42" type="stmt" count="4"/>
      <line num="43" type="stmt" count="4"/>
      <line num="46" type="method" name="find" visibility="public" complexity="3" crap="3" count="3"/>
      <line num="48" type="stmt" count="3"/>
      <line num="49" type="stmt" count="3"/>
      <line num="50" type="stmt" count="3"/>
      <line num="54" type="stmt" count="1"/>
      <line num="57" type="method" name="delete" visibility="public" complexity="2" crap="2" count="1"/>
      <line num="59" type="stmt" count="1"/>
      <line num="60" type="stmt" count="1"/>
      <line num="61" type="stmt" count="1"/>
      <line num="62" type="stmt" count="1"/>
      <line num="63" type="stmt" count="1"/>
      <line num="65" type="stmt" count="1"/>
      <line num="66" type="stmt" count="1"/>
      <line num="73" type="method" name="loadRecords" visibility="private" complexity="9" crap="9.19" count="5"/>
      <line num="75" type="stmt" count="5"/>
      <line num="76" type="stmt" count="0"/>
      <line num="79" type="stmt" count="5"/>
      <line num="81" type="stmt" count="5"/>
      <line num="82" type="stmt" count="0"/>
      <line num="85" type="stmt" count="5"/>
      <line num="87" type="stmt" count="5"/>
      <line num="88" type="stmt" count="0"/>
      <line num="91" type="stmt" count="5"/>
      <line num="92" type="stmt" count="0"/>
      <line num="95" type="stmt" count="5"/>
      <line num="96" type="stmt" count="5"/>
      <line num="97" type="stmt" count="5"/>
      <line num="98" type="stmt" count="5"/>
      <line num="100" type="stmt" count="5"/>
      <line num="101" type="stmt" count="5"/>
      <line num="102" type="stmt" count="5"/>
      <line num="103" type="stmt" count="5"/>
      <line num="105" type="stmt" count="5"/>
      <line num="106" type="stmt" count="5"/>
      <line num="107" type="stmt" count="5"/>
      <line num="108" type="stmt" count="5"/>
      <line num="109" type="stmt" count="5"/>
      <line num="110" type="stmt" count="3"/>
      <line num="111" type="stmt" count="2"/>
      <line num="112" type="stmt" count="5"/>
      <line num="113" type="stmt" count="5"/>
      <line num="114" type="stmt" count="5"/>
      <line num="115" type="stmt" count="5"/>
      <line num="116" type="stmt" count="5"/>
      <line num="122" type="method" name="persistRecords" visibility="private" complexity="1" crap="1" count="3"/>
      <line num="124" type="stmt" count="3"/>
      <line num="125" type="stmt" count="3"/>
      <line num="126" type="stmt" count="3"/>
      <line num="127" type="stmt" count="3"/>
      <line num="130" type="method" name="ensureStorage" visibility="private" complexity="4" crap="4.13" count="5"/>
      <line num="132" type="stmt" count="5"/>
      <line num="134" type="stmt" count="5"/>
      <line num="135" type="stmt" count="0"/>
      <line num="138" type="stmt" count="5"/>
      <line num="139" type="stmt" count="3"/>
      <metrics loc="143" ncloc="134" classes="1" methods="8" coveredmethods="6" conditionals="0" coveredconditionals="0" statements="66" coveredstatements="61" elements="74" coveredelements="67"/>
    </file>
    <file name="/Users/admin/Desktop/Proyecto Marvel local y Hosting/clean-marvel/src/Application/Security/IpBlockerService.php">
      <class name="App\Application\Security\IpBlockerService" namespace="global">
        <metrics complexity="9" methods="7" coveredmethods="6" conditionals="0" coveredconditionals="0" statements="18" coveredstatements="17" elements="25" coveredelements="23"/>
      </class>
      <line num="14" type="method" name="__construct" visibility="public" complexity="1" crap="1" count="10"/>
      <line num="18" type="stmt" count="10"/>
      <line num="20" type="method" name="check" visibility="public" complexity="2" crap="2" count="5"/>
      <line num="22" type="stmt" count="5"/>
      <line num="23" type="stmt" count="3"/>
      <line num="26" type="stmt" count="2"/>
      <line num="28" type="stmt" count="2"/>
      <line num="31" type="method" name="registerFailedAttempt" visibility="public" complexity="1" crap="1" count="1"/>
      <line num="33" type="stmt" count="1"/>
      <line num="36" type="method" name="registerSuccessfulLogin" visibility="public" complexity="1" crap="1" count="1"/>
      <line num="38" type="stmt" count="1"/>
      <line num="41" type="method" name="getBlockMinutesRemaining" visibility="public" complexity="1" crap="1" count="2"/>
      <line num="43" type="stmt" count="2"/>
      <line num="46" type="method" name="getRemainingAttempts" visibility="public" complexity="1" crap="2" count="0"/>
      <line num="48" type="stmt" count="0"/>
      <line num="51" type="method" name="logLoginBlocked" visibility="public" complexity="2" crap="2" count="2"/>
      <line num="53" type="stmt" count="2"/>
      <line num="54" type="stmt" count="1"/>
      <line num="57" type="stmt" count="1"/>
      <line num="58" type="stmt" count="1"/>
      <line num="59" type="stmt" count="1"/>
      <line num="60" type="stmt" count="1"/>
      <line num="61" type="stmt" count="1"/>
      <line num="62" type="stmt" count="1"/>
      <line num="63" type="stmt" count="1"/>
      <metrics loc="66" ncloc="63" classes="1" methods="7" coveredmethods="6" conditionals="0" coveredconditionals="0" statements="18" coveredstatements="17" elements="25" coveredelements="23"/>
    </file>
    <file name="/Users/admin/Desktop/Proyecto Marvel local y Hosting/clean-marvel/src/Application/Security/LoginAttemptService.php">
      <class name="App\Application\Security\LoginAttemptService" namespace="global">
        <metrics complexity="25" methods="12" coveredmethods="8" conditionals="0" coveredconditionals="0" statements="86" coveredstatements="82" elements="98" coveredelements="90"/>
      </class>
      <line num="18" type="method" name="__construct" visibility="public" complexity="2" crap="2.03" count="13"/>
      <line num="20" type="stmt" count="13"/>
      <line num="21" type="stmt" count="13"/>
      <line num="22" type="stmt" count="13"/>
      <line num="23" type="stmt" count="13"/>
      <line num="24" type="stmt" count="0"/>
      <line num="28" type="method" name="isBlocked" visibility="public" complexity="2" crap="2" count="8"/>
      <line num="30" type="stmt" count="8"/>
      <line num="31" type="stmt" count="8"/>
      <line num="33" type="stmt" count="8"/>
      <line num="34" type="stmt" count="8"/>
      <line num="35" type="stmt" count="8"/>
      <line num="37" type="stmt" count="8"/>
      <line num="38" type="stmt" count="4"/>
      <line num="41" type="stmt" count="5"/>
      <line num="43" type="stmt" count="5"/>
      <line num="46" type="method" name="registerFailedAttempt" visibility="public" complexity="2" crap="2" count="5"/>
      <line num="48" type="stmt" count="5"/>
      <line num="49" type="stmt" count="5"/>
      <line num="51" type="stmt" count="5"/>
      <line num="52" type="stmt" count="5"/>
      <line num="54" type="stmt" count="5"/>
      <line num="55" type="stmt" count="5"/>
      <line num="56" type="stmt" count="5"/>
      <line num="58" type="stmt" count="5"/>
      <line num="60" type="stmt" count="5"/>
      <line num="61" type="stmt" count="3"/>
      <line num="62" type="stmt" count="3"/>
      <line num="63" type="stmt" count="3"/>
      <line num="64" type="stmt" count="3"/>
      <line num="66" type="stmt" count="5"/>
      <line num="67" type="stmt" count="5"/>
      <line num="70" type="stmt" count="5"/>
      <line num="71" type="stmt" count="5"/>
      <line num="74" type="method" name="clearAttempts" visibility="public" complexity="1" crap="1" count="2"/>
      <line num="76" type="stmt" count="2"/>
      <line num="77" type="stmt" count="2"/>
      <line num="78" type="stmt" count="2"/>
      <line num="79" type="stmt" count="2"/>
      <line num="80" type="stmt" count="2"/>
      <line num="83" type="method" name="getRemainingAttempts" visibility="public" complexity="2" crap="2" count="3"/>
      <line num="85" type="stmt" count="3"/>
      <line num="86" type="stmt" count="3"/>
      <line num="87" type="stmt" count="3"/>
      <line num="88" type="stmt" count="3"/>
      <line num="90" type="stmt" count="3"/>
      <line num="92" type="stmt" count="3"/>
      <line num="95" type="method" name="getBlockMinutesRemaining" visibility="public" complexity="3" crap="3.02" count="4"/>
      <line num="97" type="stmt" count="4"/>
      <line num="98" type="stmt" count="4"/>
      <line num="99" type="stmt" count="4"/>
      <line num="100" type="stmt" count="4"/>
      <line num="101" type="stmt" count="0"/>
      <line num="104" type="stmt" count="4"/>
      <line num="105" type="stmt" count="4"/>
      <line num="107" type="stmt" count="4"/>
      <line num="110" type="method" name="key" visibility="private" complexity="1" crap="1" count="8"/>
      <line num="112" type="stmt" count="8"/>
      <line num="118" type="method" name="read" visibility="private" complexity="4" crap="4.05" count="8"/>
      <line num="120" type="stmt" count="8"/>
      <line num="121" type="stmt" count="7"/>
      <line num="124" type="stmt" count="5"/>
      <line num="125" type="stmt" count="5"/>
      <line num="126" type="stmt" count="0"/>
      <line num="129" type="stmt" count="5"/>
      <line num="130" type="stmt" count="5"/>
      <line num="136" type="method" name="write" visibility="private" complexity="1" crap="1" count="7"/>
      <line num="138" type="stmt" count="7"/>
      <line num="139" type="stmt" count="7"/>
      <line num="140" type="stmt" count="7"/>
      <line num="141" type="stmt" count="7"/>
      <line num="142" type="stmt" count="7"/>
      <line num="145" type="method" name="cleanOld" visibility="private" complexity="3" crap="3" count="8"/>
      <line num="147" type="stmt" count="8"/>
      <line num="148" type="stmt" count="8"/>
      <line num="149" type="stmt" count="8"/>
      <line num="151" type="stmt" count="8"/>
      <line num="152" type="stmt" count="7"/>
      <line num="155" type="stmt" count="5"/>
      <line num="156" type="stmt" count="5"/>
      <line num="157" type="stmt" count="5"/>
      <line num="158" type="stmt" count="5"/>
      <line num="159" type="stmt" count="5"/>
      <line num="160" type="stmt" count="5"/>
      <line num="162" type="stmt" count="5"/>
      <line num="163" type="stmt" count="4"/>
      <line num="166" type="stmt" count="5"/>
      <line num="167" type="stmt" count="5"/>
      <line num="173" type="method" name="log" visibility="private" complexity="2" crap="2" count="6"/>
      <line num="175" type="stmt" count="6"/>
      <line num="176" type="stmt" count="3"/>
      <line num="179" type="stmt" count="3"/>
      <line num="180" type="stmt" count="3"/>
      <line num="181" type="stmt" count="3"/>
      <line num="182" type="stmt" count="3"/>
      <line num="185" type="method" name="ensureSession" visibility="private" complexity="2" crap="2.50" count="8"/>
      <line num="187" type="stmt" count="8"/>
      <line num="188" type="stmt" count="0"/>
      <metrics loc="192" ncloc="180" classes="1" methods="12" coveredmethods="8" conditionals="0" coveredconditionals="0" statements="86" coveredstatements="82" elements="98" coveredelements="90"/>
    </file>
    <file name="/Users/admin/Desktop/Proyecto Marvel local y Hosting/clean-marvel/src/Config/SecurityConfig.php">
      <class name="App\Config\SecurityConfig" namespace="global">
        <metrics complexity="10" methods="3" coveredmethods="1" conditionals="0" coveredconditionals="0" statements="10" coveredstatements="7" elements="13" coveredelements="8"/>
      </class>
      <line num="9" type="method" name="getAdminEmail" visibility="public" complexity="3" crap="3" count="3"/>
      <line num="11" type="stmt" count="3"/>
      <line num="13" type="stmt" count="3"/>
      <line num="14" type="stmt" count="3"/>
      <line num="15" type="stmt" count="3"/>
      <line num="18" type="method" name="getAdminPasswordHash" visibility="public" complexity="4" crap="4.25" count="3"/>
      <line num="20" type="stmt" count="3"/>
      <line num="22" type="stmt" count="3"/>
      <line num="23" type="stmt" count="3"/>
      <line num="27" type="stmt" count="0"/>
      <line num="30" type="method" name="getInternalApiKey" visibility="public" complexity="3" crap="12" count="0"/>
      <line num="32" type="stmt" count="0"/>
      <line num="34" type="stmt" count="0"/>
      <metrics loc="37" ncloc="36" classes="1" methods="3" coveredmethods="1" conditionals="0" coveredconditionals="0" statements="10" coveredstatements="7" elements="13" coveredelements="8"/>
    </file>
    <file name="/Users/admin/Desktop/Proyecto Marvel local y Hosting/clean-marvel/src/Config/ServiceUrlProvider.php">
      <class name="App\Config\ServiceUrlProvider" namespace="global">
        <metrics complexity="47" methods="18" coveredmethods="10" conditionals="0" coveredconditionals="0" statements="120" coveredstatements="107" elements="138" coveredelements="117"/>
      </class>
      <line num="12" type="method" name="__construct" visibility="public" complexity="1" crap="1" count="6"/>
      <line num="14" type="method" name="resolveEnvironment" visibility="public" complexity="6" crap="6.03" count="7"/>
      <line num="16" type="stmt" count="7"/>
      <line num="17" type="stmt" count="7"/>
      <line num="18" type="stmt" count="1"/>
      <line num="21" type="stmt" count="6"/>
      <line num="22" type="stmt" count="6"/>
      <line num="24" type="stmt" count="6"/>
      <line num="25" type="stmt" count="6"/>
      <line num="26" type="stmt" count="3"/>
      <line num="30" type="stmt" count="3"/>
      <line num="31" type="stmt" count="3"/>
      <line num="34" type="stmt" count="0"/>
      <line num="37" type="method" name="getAppBaseUrl" visibility="public" complexity="1" crap="1" count="2"/>
      <line num="39" type="stmt" count="2"/>
      <line num="41" type="stmt" count="2"/>
      <line num="44" type="method" name="getAppHost" visibility="public" complexity="1" crap="1" count="2"/>
      <line num="46" type="stmt" count="2"/>
      <line num="48" type="stmt" count="2"/>
      <line num="51" type="method" name="getOpenAiBaseUrl" visibility="public" complexity="1" crap="1" count="4"/>
      <line num="53" type="stmt" count="4"/>
      <line num="55" type="stmt" count="4"/>
      <line num="58" type="method" name="getOpenAiChatUrl" visibility="public" complexity="2" crap="2.02" count="4"/>
      <line num="60" type="stmt" count="4"/>
      <line num="62" type="stmt" count="4"/>
      <line num="63" type="stmt" count="4"/>
      <line num="65" type="stmt" count="4"/>
      <line num="66" type="stmt" count="4"/>
      <line num="69" type="stmt" count="0"/>
      <line num="72" type="method" name="getOpenAiHost" visibility="public" complexity="1" crap="1" count="2"/>
      <line num="74" type="stmt" count="2"/>
      <line num="76" type="stmt" count="2"/>
      <line num="79" type="method" name="getRagBaseUrl" visibility="public" complexity="3" crap="3.21" count="5"/>
      <line num="82" type="stmt" count="5"/>
      <line num="83" type="stmt" count="5"/>
      <line num="84" type="stmt" count="5"/>
      <line num="85" type="stmt" count="5"/>
      <line num="86" type="stmt" count="5"/>
      <line num="90" type="stmt" count="0"/>
      <line num="92" type="stmt" count="0"/>
      <line num="95" type="method" name="getRagHeroesUrl" visibility="public" complexity="4" crap="4.10" count="5"/>
      <line num="98" type="stmt" count="5"/>
      <line num="99" type="stmt" count="5"/>
      <line num="100" type="stmt" count="5"/>
      <line num="101" type="stmt" count="5"/>
      <line num="102" type="stmt" count="0"/>
      <line num="106" type="stmt" count="5"/>
      <line num="108" type="stmt" count="5"/>
      <line num="109" type="stmt" count="5"/>
      <line num="111" type="stmt" count="5"/>
      <line num="112" type="stmt" count="5"/>
      <line num="115" type="stmt" count="0"/>
      <line num="118" type="method" name="getRagHost" visibility="public" complexity="1" crap="1" count="2"/>
      <line num="120" type="stmt" count="2"/>
      <line num="122" type="stmt" count="2"/>
      <line num="128" type="method" name="toArrayForFrontend" visibility="public" complexity="2" crap="2" count="2"/>
      <line num="130" type="stmt" count="2"/>
      <line num="131" type="stmt" count="2"/>
      <line num="133" type="stmt" count="2"/>
      <line num="134" type="stmt" count="2"/>
      <line num="135" type="stmt" count="2"/>
      <line num="138" type="stmt" count="2"/>
      <line num="139" type="stmt" count="2"/>
      <line num="140" type="stmt" count="2"/>
      <line num="141" type="stmt" count="2"/>
      <line num="142" type="stmt" count="2"/>
      <line num="143" type="stmt" count="2"/>
      <line num="144" type="stmt" count="2"/>
      <line num="145" type="stmt" count="2"/>
      <line num="146" type="stmt" count="2"/>
      <line num="147" type="stmt" count="2"/>
      <line num="148" type="stmt" count="2"/>
      <line num="149" type="stmt" count="2"/>
      <line num="150" type="stmt" count="2"/>
      <line num="151" type="stmt" count="2"/>
      <line num="152" type="stmt" count="2"/>
      <line num="153" type="stmt" count="2"/>
      <line num="154" type="stmt" count="2"/>
      <line num="155" type="stmt" count="2"/>
      <line num="156" type="stmt" count="2"/>
      <line num="157" type="stmt" count="2"/>
      <line num="158" type="stmt" count="2"/>
      <line num="159" type="stmt" count="2"/>
      <line num="160" type="stmt" count="2"/>
      <line num="163" type="method" name="appendPath" visibility="private" complexity="2" crap="6" count="0"/>
      <line num="165" type="stmt" count="0"/>
      <line num="166" type="stmt" count="0"/>
      <line num="169" type="stmt" count="0"/>
      <line num="172" type="method" name="ensureEnvironment" visibility="private" complexity="2" crap="2" count="5"/>
      <line num="174" type="stmt" count="5"/>
      <line num="175" type="stmt" count="5"/>
      <line num="176" type="stmt" count="5"/>
      <line num="179" type="stmt" count="2"/>
      <line num="182" type="method" name="readEnvironmentVariable" visibility="private" complexity="7" crap="7" count="7"/>
      <line num="184" type="stmt" count="7"/>
      <line num="185" type="stmt" count="7"/>
      <line num="186" type="stmt" count="7"/>
      <line num="188" type="stmt" count="7"/>
      <line num="189" type="stmt" count="7"/>
      <line num="190" type="stmt" count="3"/>
      <line num="193" type="stmt" count="4"/>
      <line num="194" type="stmt" count="4"/>
      <line num="195" type="stmt" count="1"/>
      <line num="198" type="stmt" count="3"/>
      <line num="199" type="stmt" count="3"/>
      <line num="200" type="stmt" count="1"/>
      <line num="205" type="stmt" count="6"/>
      <line num="208" type="method" name="resolveEnvironmentFromHost" visibility="private" complexity="4" crap="4.37" count="2"/>
      <line num="210" type="stmt" count="2"/>
      <line num="211" type="stmt" count="2"/>
      <line num="212" type="stmt" count="0"/>
      <line num="215" type="stmt" count="2"/>
      <line num="216" type="stmt" count="2"/>
      <line num="217" type="stmt" count="2"/>
      <line num="221" type="stmt" count="0"/>
      <line num="224" type="method" name="normalizeHost" visibility="private" complexity="2" crap="2" count="6"/>
      <line num="226" type="stmt" count="6"/>
      <line num="228" type="stmt" count="6"/>
      <line num="229" type="stmt" count="3"/>
      <line num="232" type="stmt" count="6"/>
      <line num="233" type="stmt" count="6"/>
      <line num="236" type="method" name="hostsMatch" visibility="private" complexity="3" crap="3.03" count="6"/>
      <line num="238" type="stmt" count="6"/>
      <line num="239" type="stmt" count="3"/>
      <line num="242" type="stmt" count="4"/>
      <line num="243" type="stmt" count="4"/>
      <line num="245" type="stmt" count="4"/>
      <line num="246" type="stmt" count="0"/>
      <line num="249" type="stmt" count="4"/>
      <line num="255" type="method" name="hostBelongsToEnvironment" visibility="private" complexity="4" crap="4.05" count="6"/>
      <line num="257" type="stmt" count="6"/>
      <line num="258" type="stmt" count="6"/>
      <line num="259" type="stmt" count="6"/>
      <line num="260" type="stmt" count="0"/>
      <line num="263" type="stmt" count="6"/>
      <line num="264" type="stmt" count="3"/>
      <line num="268" type="stmt" count="4"/>
      <metrics loc="271" ncloc="260" classes="1" methods="18" coveredmethods="10" conditionals="0" coveredconditionals="0" statements="120" coveredstatements="107" elements="138" coveredelements="117"/>
    </file>
    <file name="/Users/admin/Desktop/Proyecto Marvel local y Hosting/clean-marvel/src/Controllers/ActivityController.php">
      <class name="Src\Controllers\ActivityController" namespace="global">
        <metrics complexity="8" methods="4" coveredmethods="2" conditionals="0" coveredconditionals="0" statements="21" coveredstatements="18" elements="25" coveredelements="20"/>
      </class>
      <line num="19" type="method" name="__construct" visibility="public" complexity="1" crap="1" count="5"/>
      <line num="24" type="stmt" count="5"/>
      <line num="26" type="method" name="index" visibility="public" complexity="2" crap="2.50" count="1"/>
      <line num="29" type="stmt" count="1"/>
      <line num="30" type="stmt" count="1"/>
      <line num="31" type="stmt" count="0"/>
      <line num="32" type="stmt" count="0"/>
      <line num="36" type="method" name="store" visibility="public" complexity="3" crap="3" count="3"/>
      <line num="38" type="stmt" count="3"/>
      <line num="39" type="stmt" count="3"/>
      <line num="40" type="stmt" count="3"/>
      <line num="41" type="stmt" count="3"/>
      <line num="44" type="stmt" count="3"/>
      <line num="45" type="stmt" count="3"/>
      <line num="46" type="stmt" count="3"/>
      <line num="47" type="stmt" count="1"/>
      <line num="48" type="stmt" count="2"/>
      <line num="49" type="stmt" count="1"/>
      <line num="50" type="stmt" count="1"/>
      <line num="51" type="stmt" count="1"/>
      <line num="55" type="method" name="clear" visibility="public" complexity="2" crap="2.06" count="1"/>
      <line num="58" type="stmt" count="1"/>
      <line num="59" type="stmt" count="0"/>
      <line num="60" type="stmt" count="1"/>
      <line num="61" type="stmt" count="1"/>
      <metrics loc="65" ncloc="65" classes="1" methods="4" coveredmethods="2" conditionals="0" coveredconditionals="0" statements="21" coveredstatements="18" elements="25" coveredelements="20"/>
    </file>
    <file name="/Users/admin/Desktop/Proyecto Marvel local y Hosting/clean-marvel/src/Controllers/AdminController.php">
      <class name="Src\Controllers\AdminController" namespace="global">
        <metrics complexity="3" methods="2" coveredmethods="2" conditionals="0" coveredconditionals="0" statements="6" coveredstatements="6" elements="8" coveredelements="8"/>
      </class>
      <line num="12" type="method" name="__construct" visibility="public" complexity="1" crap="1" count="2"/>
      <line num="14" type="stmt" count="2"/>
      <line num="16" type="method" name="seedAll" visibility="public" complexity="2" crap="2" count="2"/>
      <line num="18" type="stmt" count="2"/>
      <line num="19" type="stmt" count="1"/>
      <line num="20" type="stmt" count="1"/>
      <line num="23" type="stmt" count="1"/>
      <line num="24" type="stmt" count="1"/>
      <metrics loc="27" ncloc="27" classes="1" methods="2" coveredmethods="2" conditionals="0" coveredconditionals="0" statements="6" coveredstatements="6" elements="8" coveredelements="8"/>
    </file>
    <file name="/Users/admin/Desktop/Proyecto Marvel local y Hosting/clean-marvel/src/Controllers/AlbumController.php">
      <class name="Src\Controllers\AlbumController" namespace="global">
        <metrics complexity="44" methods="9" coveredmethods="2" conditionals="0" coveredconditionals="0" statements="116" coveredstatements="30" elements="125" coveredelements="32"/>
      </class>
      <line num="27" type="method" name="__construct" visibility="public" complexity="1" crap="1" count="5"/>
      <line num="34" type="stmt" count="5"/>
      <line num="36" type="method" name="index" visibility="public" complexity="1" crap="1" count="1"/>
      <line num="38" type="stmt" count="1"/>
      <line num="39" type="stmt" count="1"/>
      <line num="42" type="method" name="store" visibility="public" complexity="6" crap="7.68" count="2"/>
      <line num="44" type="stmt" count="2"/>
      <line num="45" type="stmt" count="2"/>
      <line num="46" type="stmt" count="2"/>
      <line num="48" type="stmt" count="2"/>
      <line num="49" type="stmt" count="2"/>
      <line num="50" type="stmt" count="2"/>
      <line num="51" type="stmt" count="2"/>
      <line num="52" type="stmt" count="0"/>
      <line num="53" type="stmt" count="0"/>
      <line num="54" type="stmt" count="0"/>
      <line num="56" type="stmt" count="2"/>
      <line num="57" type="stmt" count="2"/>
      <line num="58" type="stmt" count="2"/>
      <line num="59" type="stmt" count="2"/>
      <line num="60" type="stmt" count="0"/>
      <line num="61" type="stmt" count="0"/>
      <line num="62" type="stmt" count="0"/>
      <line num="63" type="stmt" count="0"/>
      <line num="64" type="stmt" count="0"/>
      <line num="65" type="stmt" count="0"/>
      <line num="67" type="stmt" count="2"/>
      <line num="70" type="stmt" count="2"/>
      <line num="71" type="stmt" count="1"/>
      <line num="72" type="stmt" count="1"/>
      <line num="73" type="stmt" count="1"/>
      <line num="77" type="method" name="update" visibility="public" complexity="4" crap="4.02" count="1"/>
      <line num="79" type="stmt" count="1"/>
      <line num="80" type="stmt" count="1"/>
      <line num="81" type="stmt" count="1"/>
      <line num="82" type="stmt" count="1"/>
      <line num="83" type="stmt" count="1"/>
      <line num="84" type="stmt" count="1"/>
      <line num="85" type="stmt" count="0"/>
      <line num="88" type="stmt" count="1"/>
      <line num="89" type="stmt" count="1"/>
      <line num="92" type="method" name="destroy" visibility="public" complexity="2" crap="2.06" count="1"/>
      <line num="95" type="stmt" count="1"/>
      <line num="96" type="stmt" count="0"/>
      <line num="97" type="stmt" count="1"/>
      <line num="98" type="stmt" count="1"/>
      <line num="102" type="method" name="uploadCover" visibility="public" complexity="18" crap="342" count="0"/>
      <line num="105" type="stmt" count="0"/>
[...]
    </file>
    <file name="/Users/admin/Desktop/Proyecto Marvel local y Hosting/clean-marvel/src/Shared/Infrastructure/Persistence/PdoConnectionFactory.php">
      <class name="App\Shared\Infrastructure\Persistence\PdoConnectionFactory" namespace="global">
        <metrics complexity="5" methods="2" coveredmethods="2" conditionals="0" coveredconditionals="0" statements="19" coveredstatements="19" elements="21" coveredelements="21"/>
      </class>
      <line num="12" type="method" name="fromEnvironment" visibility="public" complexity="2" crap="2" count="3"/>
      <line num="14" type="stmt" count="3"/>
      <line num="15" type="stmt" count="3"/>
      <line num="16" type="stmt" count="3"/>
      <line num="17" type="stmt" count="3"/>
      <line num="18" type="stmt" count="3"/>
      <line num="19" type="stmt" count="3"/>
      <line num="21" type="stmt" count="3"/>
      <line num="22" type="stmt" count="1"/>
      <line num="25" type="stmt" count="2"/>
      <line num="27" type="stmt" count="2"/>
      <line num="28" type="stmt" count="2"/>
      <line num="29" type="stmt" count="2"/>
      <line num="30" type="stmt" count="2"/>
      <line num="31" type="stmt" count="2"/>
      <line num="34" type="method" name="env" visibility="private" complexity="3" crap="3" count="4"/>
      <line num="36" type="stmt" count="4"/>
      <line num="38" type="stmt" count="4"/>
      <line num="39" type="stmt" count="3"/>
      <line num="42" type="stmt" count="4"/>
      <line num="44" type="stmt" count="4"/>
      <metrics loc="47" ncloc="47" classes="1" methods="2" coveredmethods="2" conditionals="0" coveredconditionals="0" statements="19" coveredstatements="19" elements="21" coveredelements="21"/>
    </file>
    <file name="/Users/admin/Desktop/Proyecto Marvel local y Hosting/clean-marvel/src/Shared/Infrastructure/Security/InternalRequestSigner.php">
      <class name="App\Shared\Infrastructure\Security\InternalRequestSigner" namespace="global">
        <metrics complexity="8" methods="4" coveredmethods="3" conditionals="0" coveredconditionals="0" statements="17" coveredstatements="11" elements="21" coveredelements="14"/>
      </class>
      <line num="11" type="method" name="__construct" visibility="public" complexity="1" crap="1" count="1"/>
      <line num="15" type="stmt" count="1"/>
      <line num="21" type="method" name="sign" visibility="public" complexity="1" crap="1" count="1"/>
      <line num="23" type="stmt" count="1"/>
      <line num="24" type="stmt" count="1"/>
      <line num="26" type="stmt" count="1"/>
      <line num="27" type="stmt" count="1"/>
      <line num="28" type="stmt" count="1"/>
      <line num="29" type="stmt" count="1"/>
      <line num="30" type="stmt" count="1"/>
      <line num="33" type="method" name="computeSignature" visibility="public" complexity="2" crap="2" count="1"/>
      <line num="35" type="stmt" count="1"/>
      <line num="36" type="stmt" count="1"/>
      <line num="38" type="stmt" count="1"/>
      <line num="41" type="method" name="isValid" visibility="public" complexity="4" crap="20" count="0"/>
      <line num="43" type="stmt" count="0"/>
      <line num="44" type="stmt" count="0"/>
      <line num="47" type="stmt" count="0"/>
      <line num="48" type="stmt" count="0"/>
      <line num="51" type="stmt" count="0"/>
      <line num="53" type="stmt" count="0"/>
      <metrics loc="56" ncloc="52" classes="1" methods="4" coveredmethods="3" conditionals="0" coveredconditionals="0" statements="17" coveredstatements="11" elements="21" coveredelements="14"/>
    </file>
    <file name="/Users/admin/Desktop/Proyecto Marvel local y Hosting/clean-marvel/src/Shared/Markdown/MarkdownRenderer.php">
      <class name="Src\Shared\Markdown\MarkdownRenderer" namespace="global">
        <metrics complexity="9" methods="1" coveredmethods="0" conditionals="0" coveredconditionals="0" statements="38" coveredstatements="35" elements="39" coveredelements="35"/>
      </class>
      <line num="9" type="method" name="render" visibility="public" complexity="9" crap="9.04" count="4"/>
      <line num="11" type="stmt" count="4"/>
      <line num="12" type="stmt" count="4"/>
      <line num="14" type="stmt" count="4"/>
      <line num="15" type="stmt" count="4"/>
      <line num="16" type="stmt" count="4"/>
      <line num="17" type="stmt" count="4"/>
      <line num="18" type="stmt" count="4"/>
      <line num="20" type="stmt" count="4"/>
      <line num="21" type="stmt" count="4"/>
      <line num="22" type="stmt" count="4"/>
      <line num="24" type="stmt" count="4"/>
      <line num="25" type="stmt" count="4"/>
      <line num="27" type="stmt" count="4"/>
      <line num="29" type="stmt" count="4"/>
      <line num="31" type="stmt" count="4"/>
      <line num="32" type="stmt" count="4"/>
      <line num="33" type="stmt" count="4"/>
      <line num="34" type="stmt" count="4"/>
      <line num="35" type="stmt" count="4"/>
      <line num="36" type="stmt" count="4"/>
      <line num="38" type="stmt" count="4"/>
      <line num="39" type="stmt" count="4"/>
      <line num="41" type="stmt" count="4"/>
      <line num="42" type="stmt" count="4"/>
      <line num="44" type="stmt" count="4"/>
      <line num="45" type="stmt" count="0"/>
      <line num="48" type="stmt" count="4"/>
      <line num="49" type="stmt" count="4"/>
      <line num="50" type="stmt" count="4"/>
      <line num="53" type="stmt" count="4"/>
      <line num="54" type="stmt" count="4"/>
      <line num="55" type="stmt" count="4"/>
      <line num="56" type="stmt" count="4"/>
      <line num="57" type="stmt" count="0"/>
      <line num="60" type="stmt" count="4"/>
      <line num="61" type="stmt" count="0"/>
      <line num="63" type="stmt" count="4"/>
      <line num="68" type="stmt" count="4"/>
      <metrics loc="71" ncloc="71" classes="1" methods="1" coveredmethods="0" conditionals="0" coveredconditionals="0" statements="38" coveredstatements="35" elements="39" coveredelements="35"/>
    </file>
    <file name="/Users/admin/Desktop/Proyecto Marvel local y Hosting/clean-marvel/src/Shared/Util/Slugger.php">
      <class name="App\Shared\Util\Slugger" namespace="global">
        <metrics complexity="2" methods="1" coveredmethods="1" conditionals="0" coveredconditionals="0" statements="5" coveredstatements="5" elements="6" coveredelements="6"/>
      </class>
      <line num="9" type="method" name="slugify" visibility="public" complexity="2" crap="2" count="33"/>
      <line num="11" type="stmt" count="33"/>
      <line num="12" type="stmt" count="33"/>
      <line num="13" type="stmt" count="33"/>
      <line num="14" type="stmt" count="33"/>
      <line num="16" type="stmt" count="33"/>
      <metrics loc="19" ncloc="19" classes="1" methods="1" coveredmethods="1" conditionals="0" coveredconditionals="0" statements="5" coveredstatements="5" elements="6" coveredelements="6"/>
    </file>
    <file name="/Users/admin/Desktop/Proyecto Marvel local y Hosting/clean-marvel/src/bootstrap.php">
      <line num="57" type="stmt" count="2"/>
      <line num="58" type="stmt" count="2"/>
      <line num="59" type="stmt" count="2"/>
      <line num="61" type="stmt" count="2"/>
      <line num="62" type="stmt" count="2"/>
      <line num="63" type="stmt" count="1"/>
      <line num="64" type="stmt" count="1"/>
      <line num="65" type="stmt" count="1"/>
      <line num="68" type="stmt" count="1"/>
      <line num="70" type="stmt" count="1"/>
      <line num="71" type="stmt" count="1"/>
      <line num="72" type="stmt" count="1"/>
      <line num="78" type="stmt" count="2"/>
      <line num="79" type="stmt" count="2"/>
      <line num="81" type="stmt" count="2"/>
      <line num="82" type="stmt" count="0"/>
      <line num="86" type="stmt" count="2"/>
      <line num="87" type="stmt" count="2"/>
      <line num="88" type="stmt" count="2"/>
      <line num="89" type="stmt" count="1"/>
      <line num="90" type="stmt" count="1"/>
      <line num="92" type="stmt" count="2"/>
      <line num="94" type="stmt" count="2"/>
      <line num="95" type="stmt" count="2"/>
      <line num="96" type="stmt" count="2"/>
      <line num="97" type="stmt" count="2"/>
      <line num="99" type="stmt" count="2"/>
      <line num="100" type="stmt" count="2"/>
      <line num="101" type="stmt" count="2"/>
      <line num="102" type="stmt" count="2"/>
      <line num="103" type="stmt" count="2"/>
      <line num="104" type="stmt" count="2"/>
      <line num="105" type="stmt" count="2"/>
      <line num="106" type="stmt" count="2"/>
      <line num="108" type="stmt" count="2"/>
      <line num="111" type="stmt" count="2"/>
      <line num="112" type="stmt" count="2"/>
      <line num="113" type="stmt" count="2"/>
      <line num="114" type="stmt" count="2"/>
      <line num="115" type="stmt" count="2"/>
      <line num="116" type="stmt" count="2"/>
      <line num="117" type="stmt" count="2"/>
      <line num="118" type="stmt" count="0"/>
      <line num="122" type="stmt" count="2"/>
      <line num="123" type="stmt" count="2"/>
      <line num="124" type="stmt" count="2"/>
      <line num="125" type="stmt" count="2"/>
      <line num="126" type="stmt" count="2"/>
      <line num="127" type="stmt" count="2"/>
      <line num="128" type="stmt" count="2"/>
      <line num="131" type="stmt" count="2"/>
      <line num="132" type="stmt" count="0"/>
      <line num="133" type="stmt" count="0"/>
      <line num="135" type="stmt" count="0"/>
      <line num="136" type="stmt" count="0"/>
      <line num="137" type="stmt" count="0"/>
      <line num="138" type="stmt" count="0"/>
      <line num="139" type="stmt" count="0"/>
      <line num="140" type="stmt" count="0"/>
      <line num="141" type="stmt" count="0"/>
      <line num="142" type="stmt" count="0"/>
      <line num="143" type="stmt" count="0"/>
      <line num="144" type="stmt" count="0"/>
      <line num="145" type="stmt" count="0"/>
      <line num="146" type="stmt" count="0"/>
      <line num="148" type="stmt" count="0"/>
      <line num="149" type="stmt" count="0"/>
      <line num="150" type="stmt" count="0"/>
      <line num="151" type="stmt" count="0"/>
      <line num="152" type="stmt" count="0"/>
      <line num="159" type="stmt" count="2"/>
      <line num="160" type="stmt" count="2"/>
      <line num="161" type="stmt" count="1"/>
      <line num="162" type="stmt" count="1"/>
      <line num="163" type="stmt" count="1"/>
      <line num="167" type="stmt" count="2"/>
      <line num="168" type="stmt" count="0"/>
      <line num="170" type="stmt" count="2"/>
      <line num="171" type="stmt" count="2"/>
      <line num="172" type="stmt" count="2"/>
      <line num="173" type="stmt" count="2"/>
      <line num="174" type="stmt" count="1"/>
      <line num="176" type="stmt" count="2"/>
      <line num="178" type="stmt" count="2"/>
      <line num="179" type="stmt" count="2"/>
      <line num="180" type="stmt" count="2"/>
      <line num="181" type="stmt" count="2"/>
      <line num="182" type="stmt" count="2"/>
      <line num="184" type="stmt" count="2"/>
      <line num="186" type="stmt" count="2"/>
      <line num="187" type="stmt" count="2"/>
      <line num="188" type="stmt" count="2"/>
      <line num="189" type="stmt" count="2"/>
      <line num="190" type="stmt" count="2"/>
      <line num="192" type="stmt" count="2"/>
      <line num="193" type="stmt" count="2"/>
      <line num="195" type="stmt" count="2"/>
      <line num="196" type="stmt" count="0"/>
      <line num="197" type="stmt" count="0"/>
      <line num="200" type="stmt" count="0"/>
      <line num="201" type="stmt" count="0"/>
      <line num="202" type="stmt" count="2"/>
      <line num="204" type="stmt" count="2"/>
      <line num="205" type="stmt" count="0"/>
      <line num="206" type="stmt" count="0"/>
      <line num="207" type="stmt" count="2"/>
      <line num="208" type="stmt" count="0"/>
      <line num="209" type="stmt" count="0"/>
      <line num="214" type="stmt" count="2"/>
      <line num="215" type="stmt" count="2"/>
      <line num="216" type="stmt" count="2"/>
      <line num="218" type="stmt" count="1"/>
      <line num="219" type="stmt" count="1"/>
      <line num="222" type="stmt" count="2"/>
      <line num="223" type="stmt" count="2"/>
      <line num="224" type="stmt" count="2"/>
      <line num="228" type="stmt" count="2"/>
      <line num="230" type="stmt" count="2"/>
      <line num="232" type="stmt" count="2"/>
      <line num="233" type="stmt" count="2"/>
      <line num="234" type="stmt" count="0"/>
      <line num="236" type="stmt" count="2"/>
      <line num="243" type="stmt" count="2"/>
      <line num="244" type="stmt" count="2"/>
      <line num="245" type="stmt" count="2"/>
      <line num="246" type="stmt" count="0"/>
      <line num="247" type="stmt" count="0"/>
      <line num="250" type="stmt" count="2"/>
      <line num="251" type="stmt" count="2"/>
      <line num="253" type="stmt" count="2"/>
      <line num="254" type="stmt" count="2"/>
      <line num="255" type="stmt" count="2"/>
      <line num="257" type="stmt" count="2"/>
      <line num="259" type="stmt" count="2"/>
      <line num="261" type="stmt" count="2"/>
      <line num="263" type="stmt" count="1"/>
      <line num="264" type="stmt" count="1"/>
      <line num="265" type="stmt" count="1"/>
      <line num="266" type="stmt" count="1"/>
      <line num="267" type="stmt" count="1"/>
      <line num="268" type="stmt" count="1"/>
      <line num="270" type="stmt" count="1"/>
      <line num="271" type="stmt" count="1"/>
      <line num="273" type="stmt" count="1"/>
      <line num="274" type="stmt" count="1"/>
      <line num="279" type="stmt" count="2"/>
      <line num="281" type="stmt" count="2"/>
      <line num="282" type="stmt" count="0"/>
      <line num="283" type="stmt" count="2"/>
      <line num="285" type="stmt" count="2"/>
      <line num="286" type="stmt" count="0"/>
      <line num="287" type="stmt" count="2"/>
      <line num="289" type="stmt" count="2"/>
      <line num="290" type="stmt" count="0"/>
      <line num="291" type="stmt" count="2"/>
      <line num="294" type="stmt" count="2"/>
      <line num="296" type="stmt" count="2"/>
      <line num="297" type="stmt" count="2"/>
      <line num="299" type="stmt" count="2"/>
      <line num="300" type="stmt" count="2"/>
      <line num="302" type="stmt" count="2"/>
      <line num="303" type="stmt" count="2"/>
      <line num="305" type="stmt" count="2"/>
      <line num="307" type="stmt" count="2"/>
      <line num="308" type="stmt" count="2"/>
      <line num="309" type="stmt" count="2"/>
      <line num="310" type="stmt" count="2"/>
      <line num="311" type="stmt" count="2"/>
      <line num="313" type="stmt" count="2"/>
      <line num="314" type="stmt" count="2"/>
      <line num="315" type="stmt" count="2"/>
      <line num="316" type="stmt" count="2"/>
      <line num="317" type="stmt" count="2"/>
      <line num="318" type="stmt" count="2"/>
      <line num="319" type="stmt" count="2"/>
      <line num="320" type="stmt" count="2"/>
      <line num="321" type="stmt" count="2"/>
      <line num="322" type="stmt" count="2"/>
      <line num="323" type="stmt" count="2"/>
      <line num="324" type="stmt" count="2"/>
      <line num="326" type="stmt" count="2"/>
      <line num="327" type="stmt" count="2"/>
      <line num="328" type="stmt" count="2"/>
      <line num="329" type="stmt" count="2"/>
      <line num="330" type="stmt" count="2"/>
      <line num="331" type="stmt" count="2"/>
      <line num="332" type="stmt" count="2"/>
      <line num="333" type="stmt" count="2"/>
      <line num="334" type="stmt" count="2"/>
      <line num="335" type="stmt" count="2"/>
      <line num="336" type="stmt" count="2"/>
      <line num="337" type="stmt" count="2"/>
      <line num="338" type="stmt" count="2"/>
      <line num="339" type="stmt" count="2"/>
      <line num="340" type="stmt" count="2"/>
      <line num="341" type="stmt" count="2"/>
      <line num="342" type="stmt" count="2"/>
      <line num="343" type="stmt" count="2"/>
      <line num="344" type="stmt" count="2"/>
      <line num="345" type="stmt" count="2"/>
      <line num="346" type="stmt" count="2"/>
      <line num="348" type="stmt" count="2"/>
      <line num="349" type="stmt" count="2"/>
      <line num="350" type="stmt" count="2"/>
      <line num="352" type="stmt" count="2"/>
      <line num="353" type="stmt" count="2"/>
      <line num="354" type="stmt" count="2"/>
      <line num="356" type="stmt" count="2"/>
      <line num="358" type="stmt" count="2"/>
      <line num="359" type="stmt" count="2"/>
      <line num="360" type="stmt" count="2"/>
      <line num="362" type="stmt" count="2"/>
      <line num="364" type="stmt" count="2"/>
      <line num="365" type="stmt" count="2"/>
      <line num="366" type="stmt" count="2"/>
      <line num="368" type="stmt" count="2"/>
      <line num="369" type="stmt" count="2"/>
      <line num="370" type="stmt" count="2"/>
      <line num="371" type="stmt" count="2"/>
      <line num="372" type="stmt" count="2"/>
      <line num="373" type="stmt" count="2"/>
      <line num="375" type="stmt" count="2"/>
      <line num="376" type="stmt" count="2"/>
      <line num="377" type="stmt" count="2"/>
      <line num="378" type="stmt" count="2"/>
      <line num="379" type="stmt" count="2"/>
      <line num="380" type="stmt" count="2"/>
      <line num="382" type="stmt" count="2"/>
      <line num="383" type="stmt" count="2"/>
      <line num="385" type="stmt" count="2"/>
      <line num="386" type="stmt" count="2"/>
      <line num="387" type="stmt" count="2"/>
      <line num="388" type="stmt" count="2"/>
      <line num="389" type="stmt" count="2"/>
      <line num="390" type="stmt" count="2"/>
      <line num="391" type="stmt" count="2"/>
      <line num="392" type="stmt" count="2"/>
      <line num="393" type="stmt" count="2"/>
      <line num="394" type="stmt" count="2"/>
      <line num="395" type="stmt" count="2"/>
      <line num="396" type="stmt" count="2"/>
      <line num="397" type="stmt" count="2"/>
      <line num="399" type="stmt" count="2"/>
      <line num="400" type="stmt" count="2"/>
      <line num="401" type="stmt" count="2"/>
      <line num="402" type="stmt" count="2"/>
      <line num="403" type="stmt" count="2"/>
      <line num="405" type="stmt" count="2"/>
      <line num="407" type="stmt" count="2"/>
      <line num="408" type="stmt" count="2"/>
      <line num="409" type="stmt" count="2"/>
      <line num="411" type="stmt" count="0"/>
      <line num="415" type="stmt" count="2"/>
      <line num="416" type="stmt" count="2"/>
      <line num="417" type="stmt" count="2"/>
      <line num="419" type="stmt" count="2"/>
      <line num="420" type="stmt" count="2"/>
      <line num="421" type="stmt" count="2"/>
      <line num="423" type="stmt" count="2"/>
      <line num="424" type="stmt" count="2"/>
      <line num="425" type="stmt" count="2"/>
      <line num="427" type="stmt" count="2"/>
      <line num="428" type="stmt" count="2"/>
      <line num="429" type="stmt" count="2"/>
      <line num="432" type="stmt" count="2"/>
      <line num="433" type="stmt" count="0"/>
      <line num="434" type="stmt" count="0"/>
      <line num="437" type="stmt" count="2"/>
      <line num="439" type="stmt" count="2"/>
      <line num="440" type="stmt" count="2"/>
      <line num="442" type="stmt" count="2"/>
      <line num="443" type="stmt" count="2"/>
      <metrics loc="470" ncloc="425" classes="0" methods="0" coveredmethods="0" conditionals="0" coveredconditionals="0" statements="272" coveredstatements="233" elements="272" coveredelements="233"/>
    </file>
    <metrics files="107" loc="9543" ncloc="8856" classes="97" methods="472" coveredmethods="300" conditionals="0" coveredconditionals="0" statements="3793" coveredstatements="3064" elements="4265" coveredelements="3364"/>
  </project>
</coverage>
