<?xml version="1.0" encoding="UTF-8"?>
<testsuites>
  <testsuite name="/Users/admin/Desktop/Proyecto Marvel local y Hosting/clean-marvel/phpunit.xml.dist" tests="191" assertions="593" errors="0" failures="0" skipped="0" time="1.771593">
    <testsuite name="Application Test Suite" tests="191" assertions="593" errors="0" failures="0" skipped="0" time="1.771593">
      <testsuite name="Tests\AI\OpenAIComicGeneratorTest" file="/Users/admin/Desktop/Proyecto Marvel local y Hosting/clean-marvel/tests/AI/OpenAIComicGeneratorTest.php" tests="3" assertions="4" errors="0" failures="0" skipped="0" time="0.098521">
        <testcase name="testGenerateComicFailsWhenHeroesListIsEmpty" file="/Users/admin/Desktop/Proyecto Marvel local y Hosting/clean-marvel/tests/AI/OpenAIComicGeneratorTest.php" line="20" class="Tests\AI\OpenAIComicGeneratorTest" classname="Tests.AI.OpenAIComicGeneratorTest" assertions="1" time="0.092910"/>
        <testcase name="testGenerateComicReturnsStructuredStory" file="/Users/admin/Desktop/Proyecto Marvel local y Hosting/clean-marvel/tests/AI/OpenAIComicGeneratorTest.php" line="28" class="Tests\AI\OpenAIComicGeneratorTest" classname="Tests.AI.OpenAIComicGeneratorTest" assertions="2" time="0.003804"/>
        <testcase name="testGenerateComicBubblesUpServiceErrors" file="/Users/admin/Desktop/Proyecto Marvel local y Hosting/clean-marvel/tests/AI/OpenAIComicGeneratorTest.php" line="55" class="Tests\AI\OpenAIComicGeneratorTest" classname="Tests.AI.OpenAIComicGeneratorTest" assertions="1" time="0.001808"/>
      </testsuite>
      <testsuite name="Tests\Activities\ActivityModuleTest" file="/Users/admin/Desktop/Proyecto Marvel local y Hosting/clean-marvel/tests/Activities/ActivityModuleTest.php" tests="4" assertions="18" errors="0" failures="0" skipped="0" time="0.034410">
        <testcase name="testScopeValidationAndFileNameGeneration" file="/Users/admin/Desktop/Proyecto Marvel local y Hosting/clean-marvel/tests/Activities/ActivityModuleTest.php" line="31" class="Tests\Activities\ActivityModuleTest" classname="Tests.Activities.ActivityModuleTest" assertions="7" time="0.016985"/>
        <testcase name="testActivityEntryRoundtripWithSanitization" file="/Users/admin/Desktop/Proyecto Marvel local y Hosting/clean-marvel/tests/Activities/ActivityModuleTest.php" line="44" class="Tests\Activities\ActivityModuleTest" classname="Tests.Activities.ActivityModuleTest" assertions="5" time="0.011334"/>
        <testcase name="testRecordAndListUseCasesPersistEntriesAsPrimitives" file="/Users/admin/Desktop/Proyecto Marvel local y Hosting/clean-marvel/tests/Activities/ActivityModuleTest.php" line="58" class="Tests\Activities\ActivityModuleTest" classname="Tests.Activities.ActivityModuleTest" assertions="4" time="0.004080"/>
        <testcase name="testClearRemovesEntriesForSpecificScopeAndContext" file="/Users/admin/Desktop/Proyecto Marvel local y Hosting/clean-marvel/tests/Activities/ActivityModuleTest.php" line="71" class="Tests\Activities\ActivityModuleTest" classname="Tests.Activities.ActivityModuleTest" assertions="2" time="0.002010"/>
      </testsuite>
      <testsuite name="Tests\Activities\Domain\ActivityEntryTest" file="/Users/admin/Desktop/Proyecto Marvel local y Hosting/clean-marvel/tests/Activities/Domain/ActivityEntryTest.php" tests="3" assertions="13" errors="0" failures="0" skipped="0" time="0.005988">
        <testcase name="testCreateNormalizesValuesAndProducesTimestamp" file="/Users/admin/Desktop/Proyecto Marvel local y Hosting/clean-marvel/tests/Activities/Domain/ActivityEntryTest.php" line="14" class="Tests\Activities\Domain\ActivityEntryTest" classname="Tests.Activities.Domain.ActivityEntryTest" assertions="6" time="0.002403"/>
        <testcase name="testCreateThrowsExceptionWhenTitleIsEmpty" file="/Users/admin/Desktop/Proyecto Marvel local y Hosting/clean-marvel/tests/Activities/Domain/ActivityEntryTest.php" line="28" class="Tests\Activities\Domain\ActivityEntryTest" classname="Tests.Activities.Domain.ActivityEntryTest" assertions="2" time="0.001690"/>
        <testcase name="testFromPrimitivesHandlesInvalidTimestamp" file="/Users/admin/Desktop/Proyecto Marvel local y Hosting/clean-marvel/tests/Activities/Domain/ActivityEntryTest.php" line="36" class="Tests\Activities\Domain\ActivityEntryTest" classname="Tests.Activities.Domain.ActivityEntryTest" assertions="5" time="0.001895"/>
      </testsuite>
      <testsuite name="Tests\Activities\Infrastructure\DbActivityLogRepositoryTest" file="/Users/admin/Desktop/Proyecto Marvel local y Hosting/clean-marvel/tests/Activities/Infrastructure/DbActivityLogRepositoryTest.php" tests="2" assertions="7" errors="0" failures="0" skipped="0" time="0.016500">
        <testcase name="testAppendAndListByScopeAndContext" file="/Users/admin/Desktop/Proyecto Marvel local y Hosting/clean-marvel/tests/Activities/Infrastructure/DbActivityLogRepositoryTest.php" line="38" class="Tests\Activities\Infrastructure\DbActivityLogRepositoryTest" classname="Tests.Activities.Infrastructure.DbActivityLogRepositoryTest" assertions="5" time="0.014426"/>
        <testcase name="testClearRemovesEntriesByScopeAndContext" file="/Users/admin/Desktop/Proyecto Marvel local y Hosting/clean-marvel/tests/Activities/Infrastructure/DbActivityLogRepositoryTest.php" line="62" class="Tests\Activities\Infrastructure\DbActivityLogRepositoryTest" classname="Tests.Activities.Infrastructure.DbActivityLogRepositoryTest" assertions="2" time="0.002074"/>
      </testsuite>
      <testsuite name="Tests\Activities\Infrastructure\FileActivityLogRepositoryTest" file="/Users/admin/Desktop/Proyecto Marvel local y Hosting/clean-marvel/tests/Activities/Infrastructure/FileActivityLogRepositoryTest.php" tests="2" assertions="5" errors="0" failures="0" skipped="0" time="0.015433">
        <testcase name="testAppendStoresNewestEntriesFirstRespectingLimit" file="/Users/admin/Desktop/Proyecto Marvel local y Hosting/clean-marvel/tests/Activities/Infrastructure/FileActivityLogRepositoryTest.php" line="30" class="Tests\Activities\Infrastructure\FileActivityLogRepositoryTest" classname="Tests.Activities.Infrastructure.FileActivityLogRepositoryTest" assertions="3" time="0.012555"/>
        <testcase name="testClearCreatesEmptyJsonFile" file="/Users/admin/Desktop/Proyecto Marvel local y Hosting/clean-marvel/tests/Activities/Infrastructure/FileActivityLogRepositoryTest.php" line="45" class="Tests\Activities\Infrastructure\FileActivityLogRepositoryTest" classname="Tests.Activities.Infrastructure.FileActivityLogRepositoryTest" assertions="2" time="0.002878"/>
      </testsuite>
      <testsuite name="Tests\Activities\RecordActivityUseCaseTest" file="/Users/admin/Desktop/Proyecto Marvel local y Hosting/clean-marvel/tests/Activities/RecordActivityUseCaseTest.php" tests="1" assertions="11" errors="0" failures="0" skipped="0" time="0.002949">
        <testcase name="test_it_records_activity_entries_in_fake_repository" file="/Users/admin/Desktop/Proyecto Marvel local y Hosting/clean-marvel/tests/Activities/RecordActivityUseCaseTest.php" line="14" class="Tests\Activities\RecordActivityUseCaseTest" classname="Tests.Activities.RecordActivityUseCaseTest" assertions="11" time="0.002949"/>
      </testsuite>
      <testsuite name="Tests\Albums\Application\CreateAlbumUseCaseTest" file="/Users/admin/Desktop/Proyecto Marvel local y Hosting/clean-marvel/tests/Albums/Application/CreateAlbumUseCaseTest.php" tests="2" assertions="10" errors="0" failures="0" skipped="0" time="0.024859">
        <testcase name="testItCreatesAnAlbum" file="/Users/admin/Desktop/Proyecto Marvel local y Hosting/clean-marvel/tests/Albums/Application/CreateAlbumUseCaseTest.php" line="23" class="Tests\Albums\Application\CreateAlbumUseCaseTest" classname="Tests.Albums.Application.CreateAlbumUseCaseTest" assertions="6" time="0.022919"/>
        <testcase name="testItCreatesAnAlbumWithCoverImage" file="/Users/admin/Desktop/Proyecto Marvel local y Hosting/clean-marvel/tests/Albums/Application/CreateAlbumUseCaseTest.php" line="40" class="Tests\Albums\Application\CreateAlbumUseCaseTest" classname="Tests.Albums.Application.CreateAlbumUseCaseTest" assertions="4" time="0.001940"/>
      </testsuite>
      <testsuite name="Tests\Albums\Application\DeleteAlbumUseCaseTest" file="/Users/admin/Desktop/Proyecto Marvel local y Hosting/clean-marvel/tests/Albums/Application/DeleteAlbumUseCaseTest.php" tests="2" assertions="3" errors="0" failures="0" skipped="0" time="0.020363">
        <testcase name="testItDeletesAlbumAndHeroes" file="/Users/admin/Desktop/Proyecto Marvel local y Hosting/clean-marvel/tests/Albums/Application/DeleteAlbumUseCaseTest.php" line="17" class="Tests\Albums\Application\DeleteAlbumUseCaseTest" classname="Tests.Albums.Application.DeleteAlbumUseCaseTest" assertions="2" time="0.018973"/>
        <testcase name="testItFailsWhenAlbumDoesNotExist" file="/Users/admin/Desktop/Proyecto Marvel local y Hosting/clean-marvel/tests/Albums/Application/DeleteAlbumUseCaseTest.php" line="36" class="Tests\Albums\Application\DeleteAlbumUseCaseTest" classname="Tests.Albums.Application.DeleteAlbumUseCaseTest" assertions="1" time="0.001390"/>
      </testsuite>
      <testsuite name="Tests\Albums\Application\FindAlbumUseCaseTest" file="/Users/admin/Desktop/Proyecto Marvel local y Hosting/clean-marvel/tests/Albums/Application/FindAlbumUseCaseTest.php" tests="2" assertions="3" errors="0" failures="0" skipped="0" time="0.005087">
        <testcase name="testItReturnsDtoWhenAlbumExists" file="/Users/admin/Desktop/Proyecto Marvel local y Hosting/clean-marvel/tests/Albums/Application/FindAlbumUseCaseTest.php" line="16" class="Tests\Albums\Application\FindAlbumUseCaseTest" classname="Tests.Albums.Application.FindAlbumUseCaseTest" assertions="2" time="0.003437"/>
        <testcase name="testItThrowsWhenAlbumDoesNotExist" file="/Users/admin/Desktop/Proyecto Marvel local y Hosting/clean-marvel/tests/Albums/Application/FindAlbumUseCaseTest.php" line="28" class="Tests\Albums\Application\FindAlbumUseCaseTest" classname="Tests.Albums.Application.FindAlbumUseCaseTest" assertions="1" time="0.001649"/>
      </testsuite>
      <testsuite name="Tests\Albums\Application\ListAlbumsUseCaseTest" file="/Users/admin/Desktop/Proyecto Marvel local y Hosting/clean-marvel/tests/Albums/Application/ListAlbumsUseCaseTest.php" tests="1" assertions="3" errors="0" failures="0" skipped="0" time="0.004076">
        <testcase name="testItReturnsAlbumsOrderedByCreationDate" file="/Users/admin/Desktop/Proyecto Marvel local y Hosting/clean-marvel/tests/Albums/Application/ListAlbumsUseCaseTest.php" line="14" class="Tests\Albums\Application\ListAlbumsUseCaseTest" classname="Tests.Albums.Application.ListAlbumsUseCaseTest" assertions="3" time="0.004076"/>
      </testsuite>
      <testsuite name="Tests\Albums\Application\UpdateAlbumUseCaseTest" file="/Users/admin/Desktop/Proyecto Marvel local y Hosting/clean-marvel/tests/Albums/Application/UpdateAlbumUseCaseTest.php" tests="4" assertions="17" errors="0" failures="0" skipped="0" time="0.018739">
        <testcase name="testItRenamesAlbumAndPublishesEvent" file="/Users/admin/Desktop/Proyecto Marvel local y Hosting/clean-marvel/tests/Albums/Application/UpdateAlbumUseCaseTest.php" line="21" class="Tests\Albums\Application\UpdateAlbumUseCaseTest" classname="Tests.Albums.Application.UpdateAlbumUseCaseTest" assertions="7" time="0.013636"/>
        <testcase name="testItRemovesCoverWhenEmptyStringProvided" file="/Users/admin/Desktop/Proyecto Marvel local y Hosting/clean-marvel/tests/Albums/Application/UpdateAlbumUseCaseTest.php" line="40" class="Tests\Albums\Application\UpdateAlbumUseCaseTest" classname="Tests.Albums.Application.UpdateAlbumUseCaseTest" assertions="5" time="0.001943"/>
        <testcase name="testItDoesNotPersistOrPublishWhenNoChanges" file="/Users/admin/Desktop/Proyecto Marvel local y Hosting/clean-marvel/tests/Albums/Application/UpdateAlbumUseCaseTest.php" line="57" class="Tests\Albums\Application\UpdateAlbumUseCaseTest" classname="Tests.Albums.Application.UpdateAlbumUseCaseTest" assertions="3" time="0.001718"/>
        <testcase name="testItFailsWhenAlbumDoesNotExist" file="/Users/admin/Desktop/Proyecto Marvel local y Hosting/clean-marvel/tests/Albums/Application/UpdateAlbumUseCaseTest.php" line="72" class="Tests\Albums\Application\UpdateAlbumUseCaseTest" classname="Tests.Albums.Application.UpdateAlbumUseCaseTest" assertions="2" time="0.001442"/>
      </testsuite>
      <testsuite name="Tests\Albums\Domain\AlbumTest" file="/Users/admin/Desktop/Proyecto Marvel local y Hosting/clean-marvel/tests/Albums/Domain/AlbumTest.php" tests="5" assertions="16" errors="0" failures="0" skipped="0" time="0.008010">
        <testcase name="testItCreatesAlbumWithNombre" file="/Users/admin/Desktop/Proyecto Marvel local y Hosting/clean-marvel/tests/Albums/Domain/AlbumTest.php" line="13" class="Tests\Albums\Domain\AlbumTest" classname="Tests.Albums.Domain.AlbumTest" assertions="8" time="0.001884"/>
        <testcase name="testItCreatesAlbumWithCoverImage" file="/Users/admin/Desktop/Proyecto Marvel local y Hosting/clean-marvel/tests/Albums/Domain/AlbumTest.php" line="29" class="Tests\Albums\Domain\AlbumTest" classname="Tests.Albums.Domain.AlbumTest" assertions="2" time="0.001398"/>
        <testcase name="testItRestoresAlbumFromLegacyData" file="/Users/admin/Desktop/Proyecto Marvel local y Hosting/clean-marvel/tests/Albums/Domain/AlbumTest.php" line="39" class="Tests\Albums\Domain\AlbumTest" classname="Tests.Albums.Domain.AlbumTest" assertions="3" time="0.001475"/>
        <testcase name="testItUpdatesCoverImage" file="/Users/admin/Desktop/Proyecto Marvel local y Hosting/clean-marvel/tests/Albums/Domain/AlbumTest.php" line="54" class="Tests\Albums\Domain\AlbumTest" classname="Tests.Albums.Domain.AlbumTest" assertions="2" time="0.001796"/>
        <testcase name="testItFailsWithEmptyName" file="/Users/admin/Desktop/Proyecto Marvel local y Hosting/clean-marvel/tests/Albums/Domain/AlbumTest.php" line="65" class="Tests\Albums\Domain\AlbumTest" classname="Tests.Albums.Domain.AlbumTest" assertions="1" time="0.001457"/>
      </testsuite>
      <testsuite name="Tests\Albums\Domain\Event\AlbumCreatedTest" file="/Users/admin/Desktop/Proyecto Marvel local y Hosting/clean-marvel/tests/Albums/Domain/Event/AlbumCreatedTest.php" tests="2" assertions="8" errors="0" failures="0" skipped="0" time="0.006967">
        <testcase name="testForAlbumBuildsEvent" file="/Users/admin/Desktop/Proyecto Marvel local y Hosting/clean-marvel/tests/Albums/Domain/Event/AlbumCreatedTest.php" line="13" class="Tests\Albums\Domain\Event\AlbumCreatedTest" classname="Tests.Albums.Domain.Event.AlbumCreatedTest" assertions="4" time="0.005254"/>
        <testcase name="testFromPrimitivesRestoresEventData" file="/Users/admin/Desktop/Proyecto Marvel local y Hosting/clean-marvel/tests/Albums/Domain/Event/AlbumCreatedTest.php" line="25" class="Tests\Albums\Domain\Event\AlbumCreatedTest" classname="Tests.Albums.Domain.Event.AlbumCreatedTest" assertions="4" time="0.001713"/>
      </testsuite>
      <testsuite name="Tests\Albums\Infrastructure\DbAlbumRepositoryTest" file="/Users/admin/Desktop/Proyecto Marvel local y Hosting/clean-marvel/tests/Albums/Infrastructure/DbAlbumRepositoryTest.php" tests="4" assertions="9" errors="0" failures="0" skipped="0" time="0.014540">
        <testcase name="testSaveAndFindAlbum" file="/Users/admin/Desktop/Proyecto Marvel local y Hosting/clean-marvel/tests/Albums/Infrastructure/DbAlbumRepositoryTest.php" line="25" class="Tests\Albums\Infrastructure\DbAlbumRepositoryTest" classname="Tests.Albums.Infrastructure.DbAlbumRepositoryTest" assertions="3" time="0.008875"/>
        <testcase name="testUpsertUpdatesExistingAlbum" file="/Users/admin/Desktop/Proyecto Marvel local y Hosting/clean-marvel/tests/Albums/Infrastructure/DbAlbumRepositoryTest.php" line="38" class="Tests\Albums\Infrastructure\DbAlbumRepositoryTest" classname="Tests.Albums.Infrastructure.DbAlbumRepositoryTest" assertions="3" time="0.002189"/>
        <testcase name="testFindReturnsNullForMissingAlbum" file="/Users/admin/Desktop/Proyecto Marvel local y Hosting/clean-marvel/tests/Albums/Infrastructure/DbAlbumRepositoryTest.php" line="55" class="Tests\Albums\Infrastructure\DbAlbumRepositoryTest" classname="Tests.Albums.Infrastructure.DbAlbumRepositoryTest" assertions="1" time="0.001696"/>
        <testcase name="testDeleteRemovesAlbum" file="/Users/admin/Desktop/Proyecto Marvel local y Hosting/clean-marvel/tests/Albums/Infrastructure/DbAlbumRepositoryTest.php" line="61" class="Tests\Albums\Infrastructure\DbAlbumRepositoryTest" classname="Tests.Albums.Infrastructure.DbAlbumRepositoryTest" assertions="2" time="0.001779"/>
      </testsuite>
      <testsuite name="Tests\Application\CreateAndListAlbumTest" file="/Users/admin/Desktop/Proyecto Marvel local y Hosting/clean-marvel/tests/Application/CreateAndListAlbumTest.php" tests="1" assertions="3" errors="0" failures="0" skipped="0" time="0.001681">
        <testcase name="testItCreatesAndListsAlbums" file="/Users/admin/Desktop/Proyecto Marvel local y Hosting/clean-marvel/tests/Application/CreateAndListAlbumTest.php" line="15" class="Tests\Application\CreateAndListAlbumTest" classname="Tests.Application.CreateAndListAlbumTest" assertions="3" time="0.001681"/>
      </testsuite>
      <testsuite name="Tests\Application\CreateHeroPublishesEventTest" file="/Users/admin/Desktop/Proyecto Marvel local y Hosting/clean-marvel/tests/Application/CreateHeroPublishesEventTest.php" tests="1" assertions="2" errors="0" failures="0" skipped="0" time="0.024305">
        <testcase name="testItPublishesHeroCreatedEvent" file="/Users/admin/Desktop/Proyecto Marvel local y Hosting/clean-marvel/tests/Application/CreateHeroPublishesEventTest.php" line="20" class="Tests\Application\CreateHeroPublishesEventTest" classname="Tests.Application.CreateHeroPublishesEventTest" assertions="2" time="0.024305"/>
      </testsuite>
      <testsuite name="Tests\Application\CreateHeroUseCaseHttpTest" file="/Users/admin/Desktop/Proyecto Marvel local y Hosting/clean-marvel/tests/Application/CreateHeroUseCaseHttpTest.php" tests="2" assertions="6" errors="0" failures="0" skipped="0" time="0.044558">
        <testcase name="testCreateHeroSuccessfully" file="/Users/admin/Desktop/Proyecto Marvel local y Hosting/clean-marvel/tests/Application/CreateHeroUseCaseHttpTest.php" line="69" class="Tests\Application\CreateHeroUseCaseHttpTest" classname="Tests.Application.CreateHeroUseCaseHttpTest" assertions="3" time="0.041977"/>
        <testcase name="testCreateHeroFailsWithMissingData" file="/Users/admin/Desktop/Proyecto Marvel local y Hosting/clean-marvel/tests/Application/CreateHeroUseCaseHttpTest.php" line="85" class="Tests\Application\CreateHeroUseCaseHttpTest" classname="Tests.Application.CreateHeroUseCaseHttpTest" assertions="3" time="0.002581"/>
      </testsuite>
      <testsuite name="Tests\Application\Security\LoginThrottleTest" file="/Users/admin/Desktop/Proyecto Marvel local y Hosting/clean-marvel/tests/Application/Security/LoginThrottleTest.php" tests="1" assertions="6" errors="0" failures="0" skipped="0" time="0.031585">
        <testcase name="testBlocksAfterTooManyFailedAttempts" file="/Users/admin/Desktop/Proyecto Marvel local y Hosting/clean-marvel/tests/Application/Security/LoginThrottleTest.php" line="48" class="Tests\Application\Security\LoginThrottleTest" classname="Tests.Application.Security.LoginThrottleTest" assertions="6" time="0.031585"/>
      </testsuite>
      <testsuite name="Tests\Application\SeedAlbumHeroesUseCaseTest" file="/Users/admin/Desktop/Proyecto Marvel local y Hosting/clean-marvel/tests/Application/SeedAlbumHeroesUseCaseTest.php" tests="3" assertions="6" errors="0" failures="0" skipped="0" time="0.013104">
        <testcase name="testItSeedsFiveHeroesForAlbum" file="/Users/admin/Desktop/Proyecto Marvel local y Hosting/clean-marvel/tests/Application/SeedAlbumHeroesUseCaseTest.php" line="19" class="Tests\Application\SeedAlbumHeroesUseCaseTest" classname="Tests.Application.SeedAlbumHeroesUseCaseTest" assertions="3" time="0.009376"/>
        <testcase name="testItFailsWhenAlbumDoesNotExist" file="/Users/admin/Desktop/Proyecto Marvel local y Hosting/clean-marvel/tests/Application/SeedAlbumHeroesUseCaseTest.php" line="35" class="Tests\Application\SeedAlbumHeroesUseCaseTest" classname="Tests.Application.SeedAlbumHeroesUseCaseTest" assertions="1" time="0.001444"/>
        <testcase name="testItPublishesEventForEachCreatedHero" file="/Users/admin/Desktop/Proyecto Marvel local y Hosting/clean-marvel/tests/Application/SeedAlbumHeroesUseCaseTest.php" line="47" class="Tests\Application\SeedAlbumHeroesUseCaseTest" classname="Tests.Application.SeedAlbumHeroesUseCaseTest" assertions="2" time="0.002284"/>
      </testsuite>
      <testsuite name="Tests\Application\SeedHeroesServiceTest" file="/Users/admin/Desktop/Proyecto Marvel local y Hosting/clean-marvel/tests/Application/SeedHeroesServiceTest.php" tests="3" assertions="6" errors="0" failures="0" skipped="0" time="0.266137">
        <testcase name="testSeedIfEmptyCreatesHeroesForExistingAlbums" file="/Users/admin/Desktop/Proyecto Marvel local y Hosting/clean-marvel/tests/Application/SeedHeroesServiceTest.php" line="61" class="Tests\Application\SeedHeroesServiceTest" classname="Tests.Application.SeedHeroesServiceTest" assertions="2" time="0.261628"/>
        <testcase name="testSeedIfEmptyDoesNothingIfHeroesExist" file="/Users/admin/Desktop/Proyecto Marvel local y Hosting/clean-marvel/tests/Application/SeedHeroesServiceTest.php" line="72" class="Tests\Application\SeedHeroesServiceTest" classname="Tests.Application.SeedHeroesServiceTest" assertions="1" time="0.002082"/>
        <testcase name="testSeedForceAddsMissingHeroesWithoutDuplicating" file="/Users/admin/Desktop/Proyecto Marvel local y Hosting/clean-marvel/tests/Application/SeedHeroesServiceTest.php" line="83" class="Tests\Application\SeedHeroesServiceTest" classname="Tests.Application.SeedHeroesServiceTest" assertions="3" time="0.002427"/>
      </testsuite>
      <testsuite name="Tests\Application\UpdateAlbumCoverUrlTest" file="/Users/admin/Desktop/Proyecto Marvel local y Hosting/clean-marvel/tests/Application/UpdateAlbumCoverUrlTest.php" tests="1" assertions="3" errors="0" failures="0" skipped="0" time="0.001754">
        <testcase name="testItUpdatesCoverImageUsingUrl" file="/Users/admin/Desktop/Proyecto Marvel local y Hosting/clean-marvel/tests/Application/UpdateAlbumCoverUrlTest.php" line="16" class="Tests\Application\UpdateAlbumCoverUrlTest" classname="Tests.Application.UpdateAlbumCoverUrlTest" assertions="3" time="0.001754"/>
      </testsuite>
      <testsuite name="Tests\Config\ServiceUrlProviderTest" file="/Users/admin/Desktop/Proyecto Marvel local y Hosting/clean-marvel/tests/Config/ServiceUrlProviderTest.php" tests="3" assertions="5" errors="0" failures="0" skipped="0" time="0.005021">
        <testcase name="testResolveEnvironmentPrefersExplicitEnv" file="/Users/admin/Desktop/Proyecto Marvel local y Hosting/clean-marvel/tests/Config/ServiceUrlProviderTest.php" line="36" class="Tests\Config\ServiceUrlProviderTest" classname="Tests.Config.ServiceUrlProviderTest" assertions="1" time="0.001523"/>
        <testcase name="testResolveEnvironmentFallsBackToMatchingHost" file="/Users/admin/Desktop/Proyecto Marvel local y Hosting/clean-marvel/tests/Config/ServiceUrlProviderTest.php" line="44" class="Tests\Config\ServiceUrlProviderTest" classname="Tests.Config.ServiceUrlProviderTest" assertions="1" time="0.001558"/>
        <testcase name="testToArrayForFrontendIncludesServiceMatrix" file="/Users/admin/Desktop/Proyecto Marvel local y Hosting/clean-marvel/tests/Config/ServiceUrlProviderTest.php" line="51" class="Tests\Config\ServiceUrlProviderTest" classname="Tests.Config.ServiceUrlProviderTest" assertions="3" time="0.001940"/>
      </testsuite>
      <testsuite name="Tests\Controllers\ActivityControllerTest" file="/Users/admin/Desktop/Proyecto Marvel local y Hosting/clean-marvel/tests/Controllers/ActivityControllerTest.php" tests="5" assertions="13" errors="0" failures="0" skipped="0" time="0.016361">
        <testcase name="testStoreCreatesActivityAndReturns201" file="/Users/admin/Desktop/Proyecto Marvel local y Hosting/clean-marvel/tests/Controllers/ActivityControllerTest.php" line="41" class="Tests\Controllers\ActivityControllerTest" classname="Tests.Controllers.ActivityControllerTest" assertions="3" time="0.007689"/>
        <testcase name="testIndexReturnsStoredEntries" file="/Users/admin/Desktop/Proyecto Marvel local y Hosting/clean-marvel/tests/Controllers/ActivityControllerTest.php" line="52" class="Tests\Controllers\ActivityControllerTest" classname="Tests.Controllers.ActivityControllerTest" assertions="2" time="0.002057"/>
        <testcase name="testClearReturnsValidationErrorForInvalidScope" file="/Users/admin/Desktop/Proyecto Marvel local y Hosting/clean-marvel/tests/Controllers/ActivityControllerTest.php" line="63" class="Tests\Controllers\ActivityControllerTest" classname="Tests.Controllers.ActivityControllerTest" assertions="2" time="0.001875"/>
        <testcase name="testStoreReturnsValidationErrorWhenActionIsMissing" file="/Users/admin/Desktop/Proyecto Marvel local y Hosting/clean-marvel/tests/Controllers/ActivityControllerTest.php" line="71" class="Tests\Controllers\ActivityControllerTest" classname="Tests.Controllers.ActivityControllerTest" assertions="3" time="0.002084"/>
        <testcase name="testStoreReturnsServerErrorWhenRepositoryFails" file="/Users/admin/Desktop/Proyecto Marvel local y Hosting/clean-marvel/tests/Controllers/ActivityControllerTest.php" line="82" class="Tests\Controllers\ActivityControllerTest" classname="Tests.Controllers.ActivityControllerTest" assertions="3" time="0.002655"/>
      </testsuite>
      <testsuite name="Tests\Controllers\AdminControllerTest" file="/Users/admin/Desktop/Proyecto Marvel local y Hosting/clean-marvel/tests/Controllers/AdminControllerTest.php" tests="2" assertions="7" errors="0" failures="0" skipped="0" time="0.005811">
        <testcase name="testSeedAllRequiresDevKey" file="/Users/admin/Desktop/Proyecto Marvel local y Hosting/clean-marvel/tests/Controllers/AdminControllerTest.php" line="24" class="Tests\Controllers\AdminControllerTest" classname="Tests.Controllers.AdminControllerTest" assertions="3" time="0.003974"/>
        <testcase name="testSeedAllReturnsCreatedCount" file="/Users/admin/Desktop/Proyecto Marvel local y Hosting/clean-marvel/tests/Controllers/AdminControllerTest.php" line="35" class="Tests\Controllers\AdminControllerTest" classname="Tests.Controllers.AdminControllerTest" assertions="4" time="0.001838"/>
      </testsuite>
      <testsuite name="Tests\Controllers\AlbumControllerTest" file="/Users/admin/Desktop/Proyecto Marvel local y Hosting/clean-marvel/tests/Controllers/AlbumControllerTest.php" tests="6" assertions="22" errors="0" failures="0" skipped="0" time="0.046155">
        <testcase name="testIndexReturnsAlbums" file="/Users/admin/Desktop/Proyecto Marvel local y Hosting/clean-marvel/tests/Controllers/AlbumControllerTest.php" line="90" class="Tests\Controllers\AlbumControllerTest" classname="Tests.Controllers.AlbumControllerTest" assertions="2" time="0.022083"/>
        <testcase name="testStoreCreatesAlbumFromRequestBody" file="/Users/admin/Desktop/Proyecto Marvel local y Hosting/clean-marvel/tests/Controllers/AlbumControllerTest.php" line="101" class="Tests\Controllers\AlbumControllerTest" classname="Tests.Controllers.AlbumControllerTest" assertions="5" time="0.010402"/>
        <testcase name="testDestroyReturns404WhenAlbumMissing" file="/Users/admin/Desktop/Proyecto Marvel local y Hosting/clean-marvel/tests/Controllers/AlbumControllerTest.php" line="117" class="Tests\Controllers\AlbumControllerTest" classname="Tests.Controllers.AlbumControllerTest" assertions="2" time="0.002166"/>
        <testcase name="testUploadCoverFailsWhenFileMissing" file="/Users/admin/Desktop/Proyecto Marvel local y Hosting/clean-marvel/tests/Controllers/AlbumControllerTest.php" line="125" class="Tests\Controllers\AlbumControllerTest" classname="Tests.Controllers.AlbumControllerTest" assertions="3" time="0.002221"/>
        <testcase name="testUploadCoverRejectsFilesLargerThanLimit" file="/Users/admin/Desktop/Proyecto Marvel local y Hosting/clean-marvel/tests/Controllers/AlbumControllerTest.php" line="136" class="Tests\Controllers\AlbumControllerTest" classname="Tests.Controllers.AlbumControllerTest" assertions="3" time="0.002172"/>
        <testcase name="testUploadCoverMovesFileAndUpdatesAlbum" file="/Users/admin/Desktop/Proyecto Marvel local y Hosting/clean-marvel/tests/Controllers/AlbumControllerTest.php" line="153" class="Tests\Controllers\AlbumControllerTest" classname="Tests.Controllers.AlbumControllerTest" assertions="7" time="0.007111"/>
      </testsuite>
      <testsuite name="Tests\Controllers\ComicControllerTest" file="/Users/admin/Desktop/Proyecto Marvel local y Hosting/clean-marvel/tests/Controllers/ComicControllerTest.php" tests="3" assertions="8" errors="0" failures="0" skipped="0" time="0.012815">
        <testcase name="testGenerateFailsWhenHeroIdsMissing" file="/Users/admin/Desktop/Proyecto Marvel local y Hosting/clean-marvel/tests/Controllers/ComicControllerTest.php" line="31" class="Tests\Controllers\ComicControllerTest" classname="Tests.Controllers.ComicControllerTest" assertions="2" time="0.008135"/>
        <testcase name="testGenerateReturns404WhenNoHeroesResolved" file="/Users/admin/Desktop/Proyecto Marvel local y Hosting/clean-marvel/tests/Controllers/ComicControllerTest.php" line="41" class="Tests\Controllers\ComicControllerTest" classname="Tests.Controllers.ComicControllerTest" assertions="3" time="0.002145"/>
        <testcase name="testGenerateReturnsStoryWhenHeroesExist" file="/Users/admin/Desktop/Proyecto Marvel local y Hosting/clean-marvel/tests/Controllers/ComicControllerTest.php" line="52" class="Tests\Controllers\ComicControllerTest" classname="Tests.Controllers.ComicControllerTest" assertions="3" time="0.002535"/>
      </testsuite>
      <testsuite name="Tests\Controllers\ConfigControllerTest" file="/Users/admin/Desktop/Proyecto Marvel local y Hosting/clean-marvel/tests/Controllers/ConfigControllerTest.php" tests="1" assertions="3" errors="0" failures="0" skipped="0" time="0.005284">
        <testcase name="testServicesReturnsConfigurationForHost" file="/Users/admin/Desktop/Proyecto Marvel local y Hosting/clean-marvel/tests/Controllers/ConfigControllerTest.php" line="13" class="Tests\Controllers\ConfigControllerTest" classname="Tests.Controllers.ConfigControllerTest" assertions="3" time="0.005284"/>
      </testsuite>
      <testsuite name="Tests\Controllers\DevControllerTest" file="/Users/admin/Desktop/Proyecto Marvel local y Hosting/clean-marvel/tests/Controllers/DevControllerTest.php" tests="3" assertions="6" errors="0" failures="0" skipped="0" time="0.112994">
        <testcase name="testRunTestsReturns403WhenTestsAreSkipped" file="/Users/admin/Desktop/Proyecto Marvel local y Hosting/clean-marvel/tests/Controllers/DevControllerTest.php" line="18" class="Tests\Controllers\DevControllerTest" classname="Tests.Controllers.DevControllerTest" assertions="2" time="0.010670"/>
        <testcase name="testRunTestsReturns500WhenRunnerErrors" file="/Users/admin/Desktop/Proyecto Marvel local y Hosting/clean-marvel/tests/Controllers/DevControllerTest.php" line="28" class="Tests\Controllers\DevControllerTest" classname="Tests.Controllers.DevControllerTest" assertions="2" time="0.003691"/>
        <testcase name="testRunTestsReturnsSuccessPayloadWhenRunnerPasses" file="/Users/admin/Desktop/Proyecto Marvel local y Hosting/clean-marvel/tests/Controllers/DevControllerTest.php" line="42" class="Tests\Controllers\DevControllerTest" classname="Tests.Controllers.DevControllerTest" assertions="2" time="0.098633"/>
      </testsuite>
      <testsuite name="Tests\Controllers\Helpers\DirectoryHelperTest" file="/Users/admin/Desktop/Proyecto Marvel local y Hosting/clean-marvel/tests/Controllers/Helpers/DirectoryHelperTest.php" tests="2" assertions="3" errors="0" failures="0" skipped="0" time="0.007217">
        <testcase name="testEnsureCreatesDirectoryWhenMissing" file="/Users/admin/Desktop/Proyecto Marvel local y Hosting/clean-marvel/tests/Controllers/Helpers/DirectoryHelperTest.php" line="26" class="Tests\Controllers\Helpers\DirectoryHelperTest" classname="Tests.Controllers.Helpers.DirectoryHelperTest" assertions="1" time="0.002393"/>
        <testcase name="testEnsureThrowsWhenPathIsFile" file="/Users/admin/Desktop/Proyecto Marvel local y Hosting/clean-marvel/tests/Controllers/Helpers/DirectoryHelperTest.php" line="35" class="Tests\Controllers\Helpers\DirectoryHelperTest" classname="Tests.Controllers.Helpers.DirectoryHelperTest" assertions="2" time="0.004824"/>
      </testsuite>
      <testsuite name="Tests\Controllers\HeroControllerTest" file="/Users/admin/Desktop/Proyecto Marvel local y Hosting/clean-marvel/tests/Controllers/HeroControllerTest.php" tests="1" assertions="3" errors="0" failures="0" skipped="0" time="0.001945">
        <testcase name="test_show_hero_returns_not_found_when_id_does_not_exist" file="/Users/admin/Desktop/Proyecto Marvel local y Hosting/clean-marvel/tests/Controllers/HeroControllerTest.php" line="40" class="Tests\Controllers\HeroControllerTest" classname="Tests.Controllers.HeroControllerTest" assertions="3" time="0.001945"/>
      </testsuite>
      <testsuite name="Tests\Controllers\Http\RequestTest" file="/Users/admin/Desktop/Proyecto Marvel local y Hosting/clean-marvel/tests/Controllers/Http/RequestTest.php" tests="4" assertions="4" errors="0" failures="0" skipped="0" time="0.006302">
        <testcase name="testJsonBodyReturnsArrayWhenPayloadIsValid" file="/Users/admin/Desktop/Proyecto Marvel local y Hosting/clean-marvel/tests/Controllers/Http/RequestTest.php" line="19" class="Tests\Controllers\Http\RequestTest" classname="Tests.Controllers.Http.RequestTest" assertions="1" time="0.001723"/>
        <testcase name="testJsonBodyReturnsEmptyArrayWhenPayloadIsEmpty" file="/Users/admin/Desktop/Proyecto Marvel local y Hosting/clean-marvel/tests/Controllers/Http/RequestTest.php" line="26" class="Tests\Controllers\Http\RequestTest" classname="Tests.Controllers.Http.RequestTest" assertions="1" time="0.001608"/>
        <testcase name="testWantsHtmlReturnsTrueWhenHeaderContainsHtml" file="/Users/admin/Desktop/Proyecto Marvel local y Hosting/clean-marvel/tests/Controllers/Http/RequestTest.php" line="33" class="Tests\Controllers\Http\RequestTest" classname="Tests.Controllers.Http.RequestTest" assertions="1" time="0.001486"/>
        <testcase name="testWantsHtmlReturnsFalseWhenHeaderMissing" file="/Users/admin/Desktop/Proyecto Marvel local y Hosting/clean-marvel/tests/Controllers/Http/RequestTest.php" line="40" class="Tests\Controllers\Http\RequestTest" classname="Tests.Controllers.Http.RequestTest" assertions="1" time="0.001485"/>
      </testsuite>
      <testsuite name="Tests\Controllers\NotificationControllerTest" file="/Users/admin/Desktop/Proyecto Marvel local y Hosting/clean-marvel/tests/Controllers/NotificationControllerTest.php" tests="3" assertions="7" errors="0" failures="0" skipped="0" time="0.009783">
        <testcase name="testIndexReturnsLatestNotifications" file="/Users/admin/Desktop/Proyecto Marvel local y Hosting/clean-marvel/tests/Controllers/NotificationControllerTest.php" line="38" class="Tests\Controllers\NotificationControllerTest" classname="Tests.Controllers.NotificationControllerTest" assertions="2" time="0.004879"/>
        <testcase name="testClearRemovesNotifications" file="/Users/admin/Desktop/Proyecto Marvel local y Hosting/clean-marvel/tests/Controllers/NotificationControllerTest.php" line="48" class="Tests\Controllers\NotificationControllerTest" classname="Tests.Controllers.NotificationControllerTest" assertions="2" time="0.002516"/>
        <testcase name="testClearReturnsErrorWhenRepositoryFails" file="/Users/admin/Desktop/Proyecto Marvel local y Hosting/clean-marvel/tests/Controllers/NotificationControllerTest.php" line="58" class="Tests\Controllers\NotificationControllerTest" classname="Tests.Controllers.NotificationControllerTest" assertions="3" time="0.002387"/>
      </testsuite>
      <testsuite name="Tests\Controllers\PageControllerTest" file="/Users/admin/Desktop/Proyecto Marvel local y Hosting/clean-marvel/tests/Controllers/PageControllerTest.php" tests="4" assertions="9" errors="0" failures="0" skipped="0" time="0.017617">
        <testcase name="testRenderIfHtmlRouteRejectsNonGet" file="/Users/admin/Desktop/Proyecto Marvel local y Hosting/clean-marvel/tests/Controllers/PageControllerTest.php" line="21" class="Tests\Controllers\PageControllerTest" classname="Tests.Controllers.PageControllerTest" assertions="1" time="0.008029"/>
        <testcase name="testRenderIfHtmlRouteRendersRootWithoutHtmlAccept" file="/Users/admin/Desktop/Proyecto Marvel local y Hosting/clean-marvel/tests/Controllers/PageControllerTest.php" line="28" class="Tests\Controllers\PageControllerTest" classname="Tests.Controllers.PageControllerTest" assertions="2" time="0.005006"/>
        <testcase name="testRenderIfHtmlRouteRequiresHtmlAcceptForOtherPaths" file="/Users/admin/Desktop/Proyecto Marvel local y Hosting/clean-marvel/tests/Controllers/PageControllerTest.php" line="38" class="Tests\Controllers\PageControllerTest" classname="Tests.Controllers.PageControllerTest" assertions="3" time="0.002546"/>
        <testcase name="testRenderNotFoundOutputsCustomPage" file="/Users/admin/Desktop/Proyecto Marvel local y Hosting/clean-marvel/tests/Controllers/PageControllerTest.php" line="53" class="Tests\Controllers\PageControllerTest" classname="Tests.Controllers.PageControllerTest" assertions="3" time="0.002036"/>
      </testsuite>
      <testsuite name="Tests\Controllers\RagProxyControllerSecurityTest" file="/Users/admin/Desktop/Proyecto Marvel local y Hosting/clean-marvel/tests/Controllers/RagProxyControllerSecurityTest.php" tests="1" assertions="3" errors="0" failures="0" skipped="0" time="0.022876">
        <testcase name="testSuspiciousQuestionIsSanitizedAndDoesNotCrash" file="/Users/admin/Desktop/Proyecto Marvel local y Hosting/clean-marvel/tests/Controllers/RagProxyControllerSecurityTest.php" line="23" class="Tests\Controllers\RagProxyControllerSecurityTest" classname="Tests.Controllers.RagProxyControllerSecurityTest" assertions="3" time="0.022876"/>
      </testsuite>
      <testsuite name="Tests\Controllers\RagProxyControllerTest" file="/Users/admin/Desktop/Proyecto Marvel local y Hosting/clean-marvel/tests/Controllers/RagProxyControllerTest.php" tests="1" assertions="4" errors="0" failures="0" skipped="0" time="0.007316">
        <testcase name="testForwardsPayloadWithHmacHeaders" file="/Users/admin/Desktop/Proyecto Marvel local y Hosting/clean-marvel/tests/Controllers/RagProxyControllerTest.php" line="16" class="Tests\Controllers\RagProxyControllerTest" classname="Tests.Controllers.RagProxyControllerTest" assertions="4" time="0.007316"/>
      </testsuite>
      <testsuite name="Tests\Dev\Test\PhpUnitTestRunnerTest" file="/Users/admin/Desktop/Proyecto Marvel local y Hosting/clean-marvel/tests/Dev/Test/PhpUnitTestRunnerTest.php" tests="3" assertions="6" errors="0" failures="0" skipped="0" time="0.005143">
        <testcase name="testRunReturnsSkippedWhenTestsDisabled" file="/Users/admin/Desktop/Proyecto Marvel local y Hosting/clean-marvel/tests/Dev/Test/PhpUnitTestRunnerTest.php" line="13" class="Tests\Dev\Test\PhpUnitTestRunnerTest" classname="Tests.Dev.Test.PhpUnitTestRunnerTest" assertions="2" time="0.001646"/>
        <testcase name="testRunReturnsErrorWhenBinaryMissing" file="/Users/admin/Desktop/Proyecto Marvel local y Hosting/clean-marvel/tests/Dev/Test/PhpUnitTestRunnerTest.php" line="22" class="Tests\Dev\Test\PhpUnitTestRunnerTest" classname="Tests.Dev.Test.PhpUnitTestRunnerTest" assertions="2" time="0.001693"/>
        <testcase name="testParseJunitReportExtractsSummary" file="/Users/admin/Desktop/Proyecto Marvel local y Hosting/clean-marvel/tests/Dev/Test/PhpUnitTestRunnerTest.php" line="36" class="Tests\Dev\Test\PhpUnitTestRunnerTest" classname="Tests.Dev.Test.PhpUnitTestRunnerTest" assertions="2" time="0.001804"/>
      </testsuite>
      <testsuite name="Tests\Heroes\Application\CreateHeroUseCaseTest" file="/Users/admin/Desktop/Proyecto Marvel local y Hosting/clean-marvel/tests/Heroes/Application/CreateHeroUseCaseTest.php" tests="2" assertions="5" errors="0" failures="0" skipped="0" time="0.003409">
        <testcase name="testItCreatesHeroWhenAlbumExists" file="/Users/admin/Desktop/Proyecto Marvel local y Hosting/clean-marvel/tests/Heroes/Application/CreateHeroUseCaseTest.php" line="21" class="Tests\Heroes\Application\CreateHeroUseCaseTest" classname="Tests.Heroes.Application.CreateHeroUseCaseTest" assertions="4" time="0.002035"/>
        <testcase name="testItFailsWhenAlbumDoesNotExist" file="/Users/admin/Desktop/Proyecto Marvel local y Hosting/clean-marvel/tests/Heroes/Application/CreateHeroUseCaseTest.php" line="57" class="Tests\Heroes\Application\CreateHeroUseCaseTest" classname="Tests.Heroes.Application.CreateHeroUseCaseTest" assertions="1" time="0.001374"/>
      </testsuite>
      <testsuite name="Tests\Heroes\Application\DeleteHeroUseCaseTest" file="/Users/admin/Desktop/Proyecto Marvel local y Hosting/clean-marvel/tests/Heroes/Application/DeleteHeroUseCaseTest.php" tests="2" assertions="2" errors="0" failures="0" skipped="0" time="0.002863">
        <testcase name="testItDeletesHeroSuccessfully" file="/Users/admin/Desktop/Proyecto Marvel local y Hosting/clean-marvel/tests/Heroes/Application/DeleteHeroUseCaseTest.php" line="15" class="Tests\Heroes\Application\DeleteHeroUseCaseTest" classname="Tests.Heroes.Application.DeleteHeroUseCaseTest" assertions="1" time="0.001375"/>
        <testcase name="testItFailsWhenHeroDoesNotExist" file="/Users/admin/Desktop/Proyecto Marvel local y Hosting/clean-marvel/tests/Heroes/Application/DeleteHeroUseCaseTest.php" line="28" class="Tests\Heroes\Application\DeleteHeroUseCaseTest" classname="Tests.Heroes.Application.DeleteHeroUseCaseTest" assertions="1" time="0.001488"/>
      </testsuite>
      <testsuite name="Tests\Heroes\Application\FindHeroUseCaseTest" file="/Users/admin/Desktop/Proyecto Marvel local y Hosting/clean-marvel/tests/Heroes/Application/FindHeroUseCaseTest.php" tests="3" assertions="7" errors="0" failures="0" skipped="0" time="0.004552">
        <testcase name="testItReturnsHeroWhenExists" file="/Users/admin/Desktop/Proyecto Marvel local y Hosting/clean-marvel/tests/Heroes/Application/FindHeroUseCaseTest.php" line="15" class="Tests\Heroes\Application\FindHeroUseCaseTest" classname="Tests.Heroes.Application.FindHeroUseCaseTest" assertions="3" time="0.001719"/>
        <testcase name="test_it_throws_exception_when_hero_not_found" file="/Users/admin/Desktop/Proyecto Marvel local y Hosting/clean-marvel/tests/Heroes/Application/FindHeroUseCaseTest.php" line="29" class="Tests\Heroes\Application\FindHeroUseCaseTest" classname="Tests.Heroes.Application.FindHeroUseCaseTest" assertions="2" time="0.001455"/>
        <testcase name="testItFailsWhenHeroIsMissing" file="/Users/admin/Desktop/Proyecto Marvel local y Hosting/clean-marvel/tests/Heroes/Application/FindHeroUseCaseTest.php" line="40" class="Tests\Heroes\Application\FindHeroUseCaseTest" classname="Tests.Heroes.Application.FindHeroUseCaseTest" assertions="2" time="0.001378"/>
      </testsuite>
      <testsuite name="Tests\Heroes\Application\ListHeroesUseCaseTest" file="/Users/admin/Desktop/Proyecto Marvel local y Hosting/clean-marvel/tests/Heroes/Application/ListHeroesUseCaseTest.php" tests="2" assertions="5" errors="0" failures="0" skipped="0" time="0.003591">
        <testcase name="testItListsHeroesByAlbum" file="/Users/admin/Desktop/Proyecto Marvel local y Hosting/clean-marvel/tests/Heroes/Application/ListHeroesUseCaseTest.php" line="14" class="Tests\Heroes\Application\ListHeroesUseCaseTest" classname="Tests.Heroes.Application.ListHeroesUseCaseTest" assertions="2" time="0.001680"/>
        <testcase name="testItListsAllHeroesWhenAlbumIdNotProvided" file="/Users/admin/Desktop/Proyecto Marvel local y Hosting/clean-marvel/tests/Heroes/Application/ListHeroesUseCaseTest.php" line="32" class="Tests\Heroes\Application\ListHeroesUseCaseTest" classname="Tests.Heroes.Application.ListHeroesUseCaseTest" assertions="3" time="0.001911"/>
      </testsuite>
      <testsuite name="Tests\Heroes\Application\UpdateHeroUseCaseTest" file="/Users/admin/Desktop/Proyecto Marvel local y Hosting/clean-marvel/tests/Heroes/Application/UpdateHeroUseCaseTest.php" tests="3" assertions="8" errors="0" failures="0" skipped="0" time="0.007322">
        <testcase name="testItUpdatesHeroNameContentAndImage" file="/Users/admin/Desktop/Proyecto Marvel local y Hosting/clean-marvel/tests/Heroes/Application/UpdateHeroUseCaseTest.php" line="16" class="Tests\Heroes\Application\UpdateHeroUseCaseTest" classname="Tests.Heroes.Application.UpdateHeroUseCaseTest" assertions="5" time="0.003985"/>
        <testcase name="testItFailsWhenHeroDoesNotExist" file="/Users/admin/Desktop/Proyecto Marvel local y Hosting/clean-marvel/tests/Heroes/Application/UpdateHeroUseCaseTest.php" line="38" class="Tests\Heroes\Application\UpdateHeroUseCaseTest" classname="Tests.Heroes.Application.UpdateHeroUseCaseTest" assertions="2" time="0.001613"/>
        <testcase name="testItRejectsEmptyImage" file="/Users/admin/Desktop/Proyecto Marvel local y Hosting/clean-marvel/tests/Heroes/Application/UpdateHeroUseCaseTest.php" line="49" class="Tests\Heroes\Application\UpdateHeroUseCaseTest" classname="Tests.Heroes.Application.UpdateHeroUseCaseTest" assertions="1" time="0.001723"/>
      </testsuite>
      <testsuite name="Tests\Heroes\Domain\HeroCreatedEventTest" file="/Users/admin/Desktop/Proyecto Marvel local y Hosting/clean-marvel/tests/Heroes/Domain/HeroCreatedEventTest.php" tests="2" assertions="7" errors="0" failures="0" skipped="0" time="0.003470">
        <testcase name="testForHeroBuildsEventWithHeroData" file="/Users/admin/Desktop/Proyecto Marvel local y Hosting/clean-marvel/tests/Heroes/Domain/HeroCreatedEventTest.php" line="13" class="Tests\Heroes\Domain\HeroCreatedEventTest" classname="Tests.Heroes.Domain.HeroCreatedEventTest" assertions="5" time="0.001898"/>
        <testcase name="testFromPrimitivesRestoresEvent" file="/Users/admin/Desktop/Proyecto Marvel local y Hosting/clean-marvel/tests/Heroes/Domain/HeroCreatedEventTest.php" line="27" class="Tests\Heroes\Domain\HeroCreatedEventTest" classname="Tests.Heroes.Domain.HeroCreatedEventTest" assertions="2" time="0.001572"/>
      </testsuite>
      <testsuite name="Tests\Heroes\Domain\HeroTest" file="/Users/admin/Desktop/Proyecto Marvel local y Hosting/clean-marvel/tests/Heroes/Domain/HeroTest.php" tests="3" assertions="6" errors="0" failures="0" skipped="0" time="0.005045">
        <testcase name="testItCreatesHeroWithSlug" file="/Users/admin/Desktop/Proyecto Marvel local y Hosting/clean-marvel/tests/Heroes/Domain/HeroTest.php" line="13" class="Tests\Heroes\Domain\HeroTest" classname="Tests.Heroes.Domain.HeroTest" assertions="4" time="0.001644"/>
        <testcase name="testItFailsWithEmptyName" file="/Users/admin/Desktop/Proyecto Marvel local y Hosting/clean-marvel/tests/Heroes/Domain/HeroTest.php" line="23" class="Tests\Heroes\Domain\HeroTest" classname="Tests.Heroes.Domain.HeroTest" assertions="1" time="0.001419"/>
        <testcase name="testItFailsWithEmptyImage" file="/Users/admin/Desktop/Proyecto Marvel local y Hosting/clean-marvel/tests/Heroes/Domain/HeroTest.php" line="30" class="Tests\Heroes\Domain\HeroTest" classname="Tests.Heroes.Domain.HeroTest" assertions="1" time="0.001982"/>
      </testsuite>
      <testsuite name="Tests\Heroes\Infrastructure\DbHeroRepositoryTest" file="/Users/admin/Desktop/Proyecto Marvel local y Hosting/clean-marvel/tests/Heroes/Infrastructure/DbHeroRepositoryTest.php" tests="5" assertions="10" errors="0" failures="0" skipped="0" time="0.018336">
        <testcase name="testSaveAndRetrieveHeroesByAlbum" file="/Users/admin/Desktop/Proyecto Marvel local y Hosting/clean-marvel/tests/Heroes/Infrastructure/DbHeroRepositoryTest.php" line="35" class="Tests\Heroes\Infrastructure\DbHeroRepositoryTest" classname="Tests.Heroes.Infrastructure.DbHeroRepositoryTest" assertions="3" time="0.010672"/>
        <testcase name="testUpsertUpdatesExistingHero" file="/Users/admin/Desktop/Proyecto Marvel local y Hosting/clean-marvel/tests/Heroes/Infrastructure/DbHeroRepositoryTest.php" line="49" class="Tests\Heroes\Infrastructure\DbHeroRepositoryTest" classname="Tests.Heroes.Infrastructure.DbHeroRepositoryTest" assertions="3" time="0.002239"/>
        <testcase name="testFindReturnsNullForMissingHero" file="/Users/admin/Desktop/Proyecto Marvel local y Hosting/clean-marvel/tests/Heroes/Infrastructure/DbHeroRepositoryTest.php" line="66" class="Tests\Heroes\Infrastructure\DbHeroRepositoryTest" classname="Tests.Heroes.Infrastructure.DbHeroRepositoryTest" assertions="1" time="0.001681"/>
        <testcase name="testDeleteByAlbumRemovesHeroes" file="/Users/admin/Desktop/Proyecto Marvel local y Hosting/clean-marvel/tests/Heroes/Infrastructure/DbHeroRepositoryTest.php" line="72" class="Tests\Heroes\Infrastructure\DbHeroRepositoryTest" classname="Tests.Heroes.Infrastructure.DbHeroRepositoryTest" assertions="2" time="0.001928"/>
        <testcase name="testSaveFailsWhenAlbumDoesNotExist" file="/Users/admin/Desktop/Proyecto Marvel local y Hosting/clean-marvel/tests/Heroes/Infrastructure/DbHeroRepositoryTest.php" line="83" class="Tests\Heroes\Infrastructure\DbHeroRepositoryTest" classname="Tests.Heroes.Infrastructure.DbHeroRepositoryTest" assertions="1" time="0.001816"/>
      </testsuite>
      <testsuite name="Tests\Heroes\Infrastructure\FileHeroRepositoryTest" file="/Users/admin/Desktop/Proyecto Marvel local y Hosting/clean-marvel/tests/Heroes/Infrastructure/FileHeroRepositoryTest.php" tests="4" assertions="8" errors="0" failures="0" skipped="0" time="0.010660">
        <testcase name="testAllNormalizesLegacyRecordsAndSortsByCreationDate" file="/Users/admin/Desktop/Proyecto Marvel local y Hosting/clean-marvel/tests/Heroes/Infrastructure/FileHeroRepositoryTest.php" line="28" class="Tests\Heroes\Infrastructure\FileHeroRepositoryTest" classname="Tests.Heroes.Infrastructure.FileHeroRepositoryTest" assertions="3" time="0.002544"/>
        <testcase name="testSaveReplacesExistingHeroes" file="/Users/admin/Desktop/Proyecto Marvel local y Hosting/clean-marvel/tests/Heroes/Infrastructure/FileHeroRepositoryTest.php" line="60" class="Tests\Heroes\Infrastructure\FileHeroRepositoryTest" classname="Tests.Heroes.Infrastructure.FileHeroRepositoryTest" assertions="2" time="0.002736"/>
        <testcase name="testDeleteByAlbumRemovesMatchingRecords" file="/Users/admin/Desktop/Proyecto Marvel local y Hosting/clean-marvel/tests/Heroes/Infrastructure/FileHeroRepositoryTest.php" line="74" class="Tests\Heroes\Infrastructure\FileHeroRepositoryTest" classname="Tests.Heroes.Infrastructure.FileHeroRepositoryTest" assertions="2" time="0.002880"/>
        <testcase name="testAllReturnsEmptyArrayWhenJsonInvalid" file="/Users/admin/Desktop/Proyecto Marvel local y Hosting/clean-marvel/tests/Heroes/Infrastructure/FileHeroRepositoryTest.php" line="89" class="Tests\Heroes\Infrastructure\FileHeroRepositoryTest" classname="Tests.Heroes.Infrastructure.FileHeroRepositoryTest" assertions="1" time="0.002500"/>
      </testsuite>
      <testsuite name="Tests\Heroes\SeedHeroesServiceTest" file="/Users/admin/Desktop/Proyecto Marvel local y Hosting/clean-marvel/tests/Heroes/SeedHeroesServiceTest.php" tests="1" assertions="9" errors="0" failures="0" skipped="0" time="0.003979">
        <testcase name="test_seed_force_populates_fake_repository_and_skips_duplicates" file="/Users/admin/Desktop/Proyecto Marvel local y Hosting/clean-marvel/tests/Heroes/SeedHeroesServiceTest.php" line="18" class="Tests\Heroes\SeedHeroesServiceTest" classname="Tests.Heroes.SeedHeroesServiceTest" assertions="9" time="0.003979"/>
      </testsuite>
      <testsuite name="Tests\Infrastructure\FileAlbumRepositoryCoverTest" file="/Users/admin/Desktop/Proyecto Marvel local y Hosting/clean-marvel/tests/Infrastructure/FileAlbumRepositoryCoverTest.php" tests="1" assertions="4" errors="0" failures="0" skipped="0" time="0.002487">
        <testcase name="testItPersistsCoverImage" file="/Users/admin/Desktop/Proyecto Marvel local y Hosting/clean-marvel/tests/Infrastructure/FileAlbumRepositoryCoverTest.php" line="24" class="Tests\Infrastructure\FileAlbumRepositoryCoverTest" classname="Tests.Infrastructure.FileAlbumRepositoryCoverTest" assertions="4" time="0.002487"/>
      </testsuite>
      <testsuite name="Tests\Infrastructure\NotificationsClearTest" file="/Users/admin/Desktop/Proyecto Marvel local y Hosting/clean-marvel/tests/Infrastructure/NotificationsClearTest.php" tests="1" assertions="1" errors="0" failures="0" skipped="0" time="0.002192">
        <testcase name="testItClearsNotificationLog" file="/Users/admin/Desktop/Proyecto Marvel local y Hosting/clean-marvel/tests/Infrastructure/NotificationsClearTest.php" line="25" class="Tests\Infrastructure\NotificationsClearTest" classname="Tests.Infrastructure.NotificationsClearTest" assertions="1" time="0.002192"/>
      </testsuite>
      <testsuite name="Tests\Monitoring\TraceIdGeneratorTest" file="/Users/admin/Desktop/Proyecto Marvel local y Hosting/clean-marvel/tests/Monitoring/TraceIdGeneratorTest.php" tests="1" assertions="3" errors="0" failures="0" skipped="0" time="0.001625">
        <testcase name="testGeneratesUuidLikeValue" file="/Users/admin/Desktop/Proyecto Marvel local y Hosting/clean-marvel/tests/Monitoring/TraceIdGeneratorTest.php" line="12" class="Tests\Monitoring\TraceIdGeneratorTest" classname="Tests.Monitoring.TraceIdGeneratorTest" assertions="3" time="0.001625"/>
      </testsuite>
      <testsuite name="Tests\Notifications\Application\AlbumUpdatedNotificationHandlerTest" file="/Users/admin/Desktop/Proyecto Marvel local y Hosting/clean-marvel/tests/Notifications/Application/AlbumUpdatedNotificationHandlerTest.php" tests="2" assertions="4" errors="0" failures="0" skipped="0" time="0.004414">
        <testcase name="testItLogsCoverSetMessage" file="/Users/admin/Desktop/Proyecto Marvel local y Hosting/clean-marvel/tests/Notifications/Application/AlbumUpdatedNotificationHandlerTest.php" line="26" class="Tests\Notifications\Application\AlbumUpdatedNotificationHandlerTest" classname="Tests.Notifications.Application.AlbumUpdatedNotificationHandlerTest" assertions="2" time="0.002254"/>
        <testcase name="testItLogsCoverRemovedMessage" file="/Users/admin/Desktop/Proyecto Marvel local y Hosting/clean-marvel/tests/Notifications/Application/AlbumUpdatedNotificationHandlerTest.php" line="39" class="Tests\Notifications\Application\AlbumUpdatedNotificationHandlerTest" classname="Tests.Notifications.Application.AlbumUpdatedNotificationHandlerTest" assertions="2" time="0.002160"/>
      </testsuite>
      <testsuite name="Tests\Notifications\Application\HeroCreatedNotificationHandlerTest" file="/Users/admin/Desktop/Proyecto Marvel local y Hosting/clean-marvel/tests/Notifications/Application/HeroCreatedNotificationHandlerTest.php" tests="1" assertions="3" errors="0" failures="0" skipped="0" time="0.002274">
        <testcase name="testItWritesNotificationOnHeroCreated" file="/Users/admin/Desktop/Proyecto Marvel local y Hosting/clean-marvel/tests/Notifications/Application/HeroCreatedNotificationHandlerTest.php" line="26" class="Tests\Notifications\Application\HeroCreatedNotificationHandlerTest" classname="Tests.Notifications.Application.HeroCreatedNotificationHandlerTest" assertions="3" time="0.002274"/>
      </testsuite>
      <testsuite name="Tests\Notifications\Application\ListNotificationsUseCaseTest" file="/Users/admin/Desktop/Proyecto Marvel local y Hosting/clean-marvel/tests/Notifications/Application/ListNotificationsUseCaseTest.php" tests="1" assertions="6" errors="0" failures="0" skipped="0" time="0.002249">
        <testcase name="testItReturnsLatestNotificationsInReverseChronologicalOrder" file="/Users/admin/Desktop/Proyecto Marvel local y Hosting/clean-marvel/tests/Notifications/Application/ListNotificationsUseCaseTest.php" line="28" class="Tests\Notifications\Application\ListNotificationsUseCaseTest" classname="Tests.Notifications.Application.ListNotificationsUseCaseTest" assertions="6" time="0.002249"/>
      </testsuite>
      <testsuite name="Tests\Notifications\Infrastructure\NotificationRepositoryTest" file="/Users/admin/Desktop/Proyecto Marvel local y Hosting/clean-marvel/tests/Notifications/Infrastructure/NotificationRepositoryTest.php" tests="2" assertions="4" errors="0" failures="0" skipped="0" time="0.010612">
        <testcase name="testItReturnsEmptyArrayWhenFileMissing" file="/Users/admin/Desktop/Proyecto Marvel local y Hosting/clean-marvel/tests/Notifications/Infrastructure/NotificationRepositoryTest.php" line="23" class="Tests\Notifications\Infrastructure\NotificationRepositoryTest" classname="Tests.Notifications.Infrastructure.NotificationRepositoryTest" assertions="1" time="0.008205"/>
        <testcase name="testItKeepsOnlyLastTwentyEntries" file="/Users/admin/Desktop/Proyecto Marvel local y Hosting/clean-marvel/tests/Notifications/Infrastructure/NotificationRepositoryTest.php" line="33" class="Tests\Notifications\Infrastructure\NotificationRepositoryTest" classname="Tests.Notifications.Infrastructure.NotificationRepositoryTest" assertions="3" time="0.002407"/>
      </testsuite>
      <testsuite name="Tests\Notifications\NotificationModuleTest" file="/Users/admin/Desktop/Proyecto Marvel local y Hosting/clean-marvel/tests/Notifications/NotificationModuleTest.php" tests="5" assertions="8" errors="0" failures="0" skipped="0" time="0.010512">
        <testcase name="testRepositoryReturnsLastEntriesInReverseOrder" file="/Users/admin/Desktop/Proyecto Marvel local y Hosting/clean-marvel/tests/Notifications/NotificationModuleTest.php" line="32" class="Tests\Notifications\NotificationModuleTest" classname="Tests.Notifications.NotificationModuleTest" assertions="2" time="0.002040"/>
        <testcase name="testFileSenderAppendsTimestampedLine" file="/Users/admin/Desktop/Proyecto Marvel local y Hosting/clean-marvel/tests/Notifications/NotificationModuleTest.php" line="43" class="Tests\Notifications\NotificationModuleTest" classname="Tests.Notifications.NotificationModuleTest" assertions="2" time="0.001958"/>
        <testcase name="testUseCasesDelegateToRepository" file="/Users/admin/Desktop/Proyecto Marvel local y Hosting/clean-marvel/tests/Notifications/NotificationModuleTest.php" line="53" class="Tests\Notifications\NotificationModuleTest" classname="Tests.Notifications.NotificationModuleTest" assertions="2" time="0.002131"/>
        <testcase name="testAlbumUpdatedHandlerFormatsMessage" file="/Users/admin/Desktop/Proyecto Marvel local y Hosting/clean-marvel/tests/Notifications/NotificationModuleTest.php" line="66" class="Tests\Notifications\NotificationModuleTest" classname="Tests.Notifications.NotificationModuleTest" assertions="1" time="0.002131"/>
        <testcase name="testHeroCreatedHandlerFormatsMessage" file="/Users/admin/Desktop/Proyecto Marvel local y Hosting/clean-marvel/tests/Notifications/NotificationModuleTest.php" line="77" class="Tests\Notifications\NotificationModuleTest" classname="Tests.Notifications.NotificationModuleTest" assertions="1" time="0.002251"/>
      </testsuite>
      <testsuite name="Tests\Repositories\FileHeroRepositoryMissingFileTest" file="/Users/admin/Desktop/Proyecto Marvel local y Hosting/clean-marvel/tests/Repositories/FileHeroRepositoryMissingFileTest.php" tests="1" assertions="1" errors="0" failures="0" skipped="0" time="0.001813">
        <testcase name="test_all_returns_empty_array_when_json_file_is_missing" file="/Users/admin/Desktop/Proyecto Marvel local y Hosting/clean-marvel/tests/Repositories/FileHeroRepositoryMissingFileTest.php" line="12" class="Tests\Repositories\FileHeroRepositoryMissingFileTest" classname="Tests.Repositories.FileHeroRepositoryMissingFileTest" assertions="1" time="0.001813"/>
      </testsuite>
      <testsuite name="Tests\Security\AdminRouteProtectionTest" file="/Users/admin/Desktop/Proyecto Marvel local y Hosting/clean-marvel/tests/Security/AdminRouteProtectionTest.php" tests="3" assertions="6" errors="0" failures="0" skipped="0" time="0.049227">
        <testcase name="testSecretRouteRedirectsWhenNotAuthenticated" file="/Users/admin/Desktop/Proyecto Marvel local y Hosting/clean-marvel/tests/Security/AdminRouteProtectionTest.php" line="44" class="Tests\Security\AdminRouteProtectionTest" classname="Tests.Security.AdminRouteProtectionTest" assertions="2" time="0.039553"/>
        <testcase name="testSecretRouteReturnsForbiddenForNonAdmin" file="/Users/admin/Desktop/Proyecto Marvel local y Hosting/clean-marvel/tests/Security/AdminRouteProtectionTest.php" line="64" class="Tests\Security\AdminRouteProtectionTest" classname="Tests.Security.AdminRouteProtectionTest" assertions="2" time="0.002328"/>
        <testcase name="testSecretRouteLoadsForAdmin" file="/Users/admin/Desktop/Proyecto Marvel local y Hosting/clean-marvel/tests/Security/AdminRouteProtectionTest.php" line="90" class="Tests\Security\AdminRouteProtectionTest" classname="Tests.Security.AdminRouteProtectionTest" assertions="2" time="0.007346"/>
      </testsuite>
      <testsuite name="Tests\Security\ApiFirewallTest" file="/Users/admin/Desktop/Proyecto Marvel local y Hosting/clean-marvel/tests/Security/ApiFirewallTest.php" tests="2" assertions="6" errors="0" failures="0" skipped="0" time="0.004403">
        <testcase name="testBlocksDuplicateKeysJson" file="/Users/admin/Desktop/Proyecto Marvel local y Hosting/clean-marvel/tests/Security/ApiFirewallTest.php" line="23" class="Tests\Security\ApiFirewallTest" classname="Tests.Security.ApiFirewallTest" assertions="3" time="0.002351"/>
        <testcase name="testBlocksAttackPatternInHtml" file="/Users/admin/Desktop/Proyecto Marvel local y Hosting/clean-marvel/tests/Security/ApiFirewallTest.php" line="41" class="Tests\Security\ApiFirewallTest" classname="Tests.Security.ApiFirewallTest" assertions="3" time="0.002052"/>
      </testsuite>
      <testsuite name="Tests\Security\AuthServiceTest" file="/Users/admin/Desktop/Proyecto Marvel local y Hosting/clean-marvel/tests/Security/AuthServiceTest.php" tests="1" assertions="3" errors="0" failures="0" skipped="0" time="0.517753">
        <testcase name="testLoginRegeneratesSessionIdOnSuccess" file="/Users/admin/Desktop/Proyecto Marvel local y Hosting/clean-marvel/tests/Security/AuthServiceTest.php" line="30" class="Tests\Security\AuthServiceTest" classname="Tests.Security.AuthServiceTest" assertions="3" time="0.517753"/>
      </testsuite>
      <testsuite name="Tests\Security\CspStrictTest" file="/Users/admin/Desktop/Proyecto Marvel local y Hosting/clean-marvel/tests/Security/CspStrictTest.php" tests="6" assertions="13" errors="0" failures="0" skipped="0" time="0.013007">
        <testcase name="test_csp_with_nonce_does_not_contain_unsafe_inline" file="/Users/admin/Desktop/Proyecto Marvel local y Hosting/clean-marvel/tests/Security/CspStrictTest.php" line="41" class="Tests\Security\CspStrictTest" classname="Tests.Security.CspStrictTest" assertions="2" time="0.001950"/>
        <testcase name="test_csp_without_nonce_falls_back_to_unsafe_inline" file="/Users/admin/Desktop/Proyecto Marvel local y Hosting/clean-marvel/tests/Security/CspStrictTest.php" line="63" class="Tests\Security\CspStrictTest" classname="Tests.Security.CspStrictTest" assertions="1" time="0.002040"/>
        <testcase name="test_nonce_generator_produces_valid_base64" file="/Users/admin/Desktop/Proyecto Marvel local y Hosting/clean-marvel/tests/Security/CspStrictTest.php" line="80" class="Tests\Security\CspStrictTest" classname="Tests.Security.CspStrictTest" assertions="4" time="0.002359"/>
        <testcase name="test_nonce_generator_produces_unique_values" file="/Users/admin/Desktop/Proyecto Marvel local y Hosting/clean-marvel/tests/Security/CspStrictTest.php" line="93" class="Tests\Security\CspStrictTest" classname="Tests.Security.CspStrictTest" assertions="1" time="0.002259"/>
        <testcase name="test_csp_nonce_appears_in_both_script_and_style_directives" file="/Users/admin/Desktop/Proyecto Marvel local y Hosting/clean-marvel/tests/Security/CspStrictTest.php" line="101" class="Tests\Security\CspStrictTest" classname="Tests.Security.CspStrictTest" assertions="2" time="0.002088"/>
        <testcase name="test_csp_maintains_allowed_cdn_sources" file="/Users/admin/Desktop/Proyecto Marvel local y Hosting/clean-marvel/tests/Security/CspStrictTest.php" line="123" class="Tests\Security\CspStrictTest" classname="Tests.Security.CspStrictTest" assertions="3" time="0.002311"/>
      </testsuite>
      <testsuite name="Tests\Security\HeadersSecurityTest" file="/Users/admin/Desktop/Proyecto Marvel local y Hosting/clean-marvel/tests/Security/HeadersSecurityTest.php" tests="5" assertions="90" errors="0" failures="0" skipped="0" time="0.034678">
        <testcase name="testHomeHeaders" file="/Users/admin/Desktop/Proyecto Marvel local y Hosting/clean-marvel/tests/Security/HeadersSecurityTest.php" line="29" class="Tests\Security\HeadersSecurityTest" classname="Tests.Security.HeadersSecurityTest" assertions="18" time="0.008954"/>
        <testcase name="testLoginHeaders" file="/Users/admin/Desktop/Proyecto Marvel local y Hosting/clean-marvel/tests/Security/HeadersSecurityTest.php" line="35" class="Tests\Security\HeadersSecurityTest" classname="Tests.Security.HeadersSecurityTest" assertions="18" time="0.013034"/>
        <testcase name="testSeccionHeaders" file="/Users/admin/Desktop/Proyecto Marvel local y Hosting/clean-marvel/tests/Security/HeadersSecurityTest.php" line="41" class="Tests\Security\HeadersSecurityTest" classname="Tests.Security.HeadersSecurityTest" assertions="18" time="0.004747"/>
        <testcase name="testSecretSonarHeaders" file="/Users/admin/Desktop/Proyecto Marvel local y Hosting/clean-marvel/tests/Security/HeadersSecurityTest.php" line="47" class="Tests\Security\HeadersSecurityTest" classname="Tests.Security.HeadersSecurityTest" assertions="18" time="0.004080"/>
        <testcase name="testApiRagHeroesHeaders" file="/Users/admin/Desktop/Proyecto Marvel local y Hosting/clean-marvel/tests/Security/HeadersSecurityTest.php" line="53" class="Tests\Security\HeadersSecurityTest" classname="Tests.Security.HeadersSecurityTest" assertions="18" time="0.003862"/>
      </testsuite>
      <testsuite name="Tests\Security\LogSanitizerTest" file="/Users/admin/Desktop/Proyecto Marvel local y Hosting/clean-marvel/tests/Security/LogSanitizerTest.php" tests="1" assertions="10" errors="0" failures="0" skipped="0" time="0.002660">
        <testcase name="testRedactsSensitiveStrings" file="/Users/admin/Desktop/Proyecto Marvel local y Hosting/clean-marvel/tests/Security/LogSanitizerTest.php" line="12" class="Tests\Security\LogSanitizerTest" classname="Tests.Security.LogSanitizerTest" assertions="10" time="0.002660"/>
      </testsuite>
      <testsuite name="Tests\Security\LoginAttemptServiceTest" file="/Users/admin/Desktop/Proyecto Marvel local y Hosting/clean-marvel/tests/Security/LoginAttemptServiceTest.php" tests="2" assertions="6" errors="0" failures="0" skipped="0" time="0.006969">
        <testcase name="testBlocksAfterFiveFailedAttempts" file="/Users/admin/Desktop/Proyecto Marvel local y Hosting/clean-marvel/tests/Security/LoginAttemptServiceTest.php" line="37" class="Tests\Security\LoginAttemptServiceTest" classname="Tests.Security.LoginAttemptServiceTest" assertions="3" time="0.004202"/>
        <testcase name="testClearsAttemptsOnSuccess" file="/Users/admin/Desktop/Proyecto Marvel local y Hosting/clean-marvel/tests/Security/LoginAttemptServiceTest.php" line="56" class="Tests\Security\LoginAttemptServiceTest" classname="Tests.Security.LoginAttemptServiceTest" assertions="3" time="0.002767"/>
      </testsuite>
      <testsuite name="Tests\Security\RateLimitMiddlewareTest" file="/Users/admin/Desktop/Proyecto Marvel local y Hosting/clean-marvel/tests/Security/RateLimitMiddlewareTest.php" tests="2" assertions="5" errors="0" failures="0" skipped="0" time="0.005784">
        <testcase name="testBlocksApiPathWithJsonResponse" file="/Users/admin/Desktop/Proyecto Marvel local y Hosting/clean-marvel/tests/Security/RateLimitMiddlewareTest.php" line="33" class="Tests\Security\RateLimitMiddlewareTest" classname="Tests.Security.RateLimitMiddlewareTest" assertions="3" time="0.003456"/>
        <testcase name="testBlocksHtmlPathWithHtmlResponse" file="/Users/admin/Desktop/Proyecto Marvel local y Hosting/clean-marvel/tests/Security/RateLimitMiddlewareTest.php" line="50" class="Tests\Security\RateLimitMiddlewareTest" classname="Tests.Security.RateLimitMiddlewareTest" assertions="2" time="0.002328"/>
      </testsuite>
      <testsuite name="Tests\Security\RateLimiterTest" file="/Users/admin/Desktop/Proyecto Marvel local y Hosting/clean-marvel/tests/Security/RateLimiterTest.php" tests="2" assertions="6" errors="0" failures="0" skipped="0" time="0.004628">
        <testcase name="testRespectsLimitAndBlocksWhenExceeded" file="/Users/admin/Desktop/Proyecto Marvel local y Hosting/clean-marvel/tests/Security/RateLimiterTest.php" line="23" class="Tests\Security\RateLimiterTest" classname="Tests.Security.RateLimiterTest" assertions="4" time="0.002269"/>
        <testcase name="testResetsWindowAfterExpiry" file="/Users/admin/Desktop/Proyecto Marvel local y Hosting/clean-marvel/tests/Security/RateLimiterTest.php" line="39" class="Tests\Security\RateLimiterTest" classname="Tests.Security.RateLimiterTest" assertions="2" time="0.002359"/>
      </testsuite>
      <testsuite name="Tests\Security\SanitizerTest" file="/Users/admin/Desktop/Proyecto Marvel local y Hosting/clean-marvel/tests/Security/SanitizerTest.php" tests="2" assertions="4" errors="0" failures="0" skipped="0" time="0.005368">
        <testcase name="testRemovesScriptAndPhpTags" file="/Users/admin/Desktop/Proyecto Marvel local y Hosting/clean-marvel/tests/Security/SanitizerTest.php" line="12" class="Tests\Security\SanitizerTest" classname="Tests.Security.SanitizerTest" assertions="2" time="0.001482"/>
        <testcase name="testTruncatesLongStrings" file="/Users/admin/Desktop/Proyecto Marvel local y Hosting/clean-marvel/tests/Security/SanitizerTest.php" line="21" class="Tests\Security\SanitizerTest" classname="Tests.Security.SanitizerTest" assertions="2" time="0.003885"/>
      </testsuite>
      <testsuite name="Tests\Security\SecuritySmokeTest" file="/Users/admin/Desktop/Proyecto Marvel local y Hosting/clean-marvel/tests/Security/SecuritySmokeTest.php" tests="3" assertions="8" errors="0" failures="0" skipped="0" time="0.009689">
        <testcase name="testInvalidCsrfTokenIsRejected" file="/Users/admin/Desktop/Proyecto Marvel local y Hosting/clean-marvel/tests/Security/SecuritySmokeTest.php" line="36" class="Tests\Security\SecuritySmokeTest" classname="Tests.Security.SecuritySmokeTest" assertions="1" time="0.005238"/>
        <testcase name="testSanitizerNeutralizesScriptTags" file="/Users/admin/Desktop/Proyecto Marvel local y Hosting/clean-marvel/tests/Security/SecuritySmokeTest.php" line="46" class="Tests\Security\SecuritySmokeTest" classname="Tests.Security.SecuritySmokeTest" assertions="3" time="0.001852"/>
        <testcase name="testRateLimiterBlocksAfterMaxAttempts" file="/Users/admin/Desktop/Proyecto Marvel local y Hosting/clean-marvel/tests/Security/SecuritySmokeTest.php" line="61" class="Tests\Security\SecuritySmokeTest" classname="Tests.Security.SecuritySmokeTest" assertions="4" time="0.002599"/>
      </testsuite>
      <testsuite name="Tests\Security\SessionIntegrityTest" file="/Users/admin/Desktop/Proyecto Marvel local y Hosting/clean-marvel/tests/Security/SessionIntegrityTest.php" tests="2" assertions="4" errors="0" failures="0" skipped="0" time="0.005203">
        <testcase name="testChangingUserAgentForcesLogout" file="/Users/admin/Desktop/Proyecto Marvel local y Hosting/clean-marvel/tests/Security/SessionIntegrityTest.php" line="42" class="Tests\Security\SessionIntegrityTest" classname="Tests.Security.SessionIntegrityTest" assertions="2" time="0.002663"/>
        <testcase name="testChangingIpForcesLogout" file="/Users/admin/Desktop/Proyecto Marvel local y Hosting/clean-marvel/tests/Security/SessionIntegrityTest.php" line="69" class="Tests\Security\SessionIntegrityTest" classname="Tests.Security.SessionIntegrityTest" assertions="2" time="0.002539"/>
      </testsuite>
      <testsuite name="Tests\Security\SessionLifetimeTest" file="/Users/admin/Desktop/Proyecto Marvel local y Hosting/clean-marvel/tests/Security/SessionLifetimeTest.php" tests="1" assertions="3" errors="0" failures="0" skipped="0" time="0.002507">
        <testcase name="testSessionExpiresAfterMaxLifetime" file="/Users/admin/Desktop/Proyecto Marvel local y Hosting/clean-marvel/tests/Security/SessionLifetimeTest.php" line="44" class="Tests\Security\SessionLifetimeTest" classname="Tests.Security.SessionLifetimeTest" assertions="3" time="0.002507"/>
      </testsuite>
      <testsuite name="Tests\Security\SessionReplayMonitorTest" file="/Users/admin/Desktop/Proyecto Marvel local y Hosting/clean-marvel/tests/Security/SessionReplayMonitorTest.php" tests="4" assertions="8" errors="0" failures="0" skipped="0" time="0.008987">
        <testcase name="testInitReplayTokenStoresToken" file="/Users/admin/Desktop/Proyecto Marvel local y Hosting/clean-marvel/tests/Security/SessionReplayMonitorTest.php" line="44" class="Tests\Security\SessionReplayMonitorTest" classname="Tests.Security.SessionReplayMonitorTest" assertions="3" time="0.002204"/>
        <testcase name="testDetectReplayDoesNotBreakFlow" file="/Users/admin/Desktop/Proyecto Marvel local y Hosting/clean-marvel/tests/Security/SessionReplayMonitorTest.php" line="56" class="Tests\Security\SessionReplayMonitorTest" classname="Tests.Security.SessionReplayMonitorTest" assertions="1" time="0.001805"/>
        <testcase name="testDetectsUserAgentChangeOnPost" file="/Users/admin/Desktop/Proyecto Marvel local y Hosting/clean-marvel/tests/Security/SessionReplayMonitorTest.php" line="64" class="Tests\Security\SessionReplayMonitorTest" classname="Tests.Security.SessionReplayMonitorTest" assertions="2" time="0.002344"/>
        <testcase name="testDetectsSessionIdChange" file="/Users/admin/Desktop/Proyecto Marvel local y Hosting/clean-marvel/tests/Security/SessionReplayMonitorTest.php" line="79" class="Tests\Security\SessionReplayMonitorTest" classname="Tests.Security.SessionReplayMonitorTest" assertions="2" time="0.002634"/>
      </testsuite>
      <testsuite name="Tests\Security\SessionTtlTest" file="/Users/admin/Desktop/Proyecto Marvel local y Hosting/clean-marvel/tests/Security/SessionTtlTest.php" tests="2" assertions="5" errors="0" failures="0" skipped="0" time="0.004639">
        <testcase name="testSessionExpiresAfterInactivity" file="/Users/admin/Desktop/Proyecto Marvel local y Hosting/clean-marvel/tests/Security/SessionTtlTest.php" line="44" class="Tests\Security\SessionTtlTest" classname="Tests.Security.SessionTtlTest" assertions="3" time="0.002601"/>
        <testcase name="testSessionRenewsLastActivityOnValidRequest" file="/Users/admin/Desktop/Proyecto Marvel local y Hosting/clean-marvel/tests/Security/SessionTtlTest.php" line="66" class="Tests\Security\SessionTtlTest" classname="Tests.Security.SessionTtlTest" assertions="2" time="0.002037"/>
      </testsuite>
      <testsuite name="Tests\Shared\Http\JsonResponseAndSluggerTest" file="/Users/admin/Desktop/Proyecto Marvel local y Hosting/clean-marvel/tests/Shared/Http/JsonResponseAndSluggerTest.php" tests="4" assertions="8" errors="0" failures="0" skipped="0" time="0.006372">
        <testcase name="testSuccessPayloadCarriesDataAndStatusCode" file="/Users/admin/Desktop/Proyecto Marvel local y Hosting/clean-marvel/tests/Shared/Http/JsonResponseAndSluggerTest.php" line="18" class="Tests\Shared\Http\JsonResponseAndSluggerTest" classname="Tests.Shared.Http.JsonResponseAndSluggerTest" assertions="3" time="0.001645"/>
        <testcase name="testErrorPayloadIncludesMessage" file="/Users/admin/Desktop/Proyecto Marvel local y Hosting/clean-marvel/tests/Shared/Http/JsonResponseAndSluggerTest.php" line="27" class="Tests\Shared\Http\JsonResponseAndSluggerTest" classname="Tests.Shared.Http.JsonResponseAndSluggerTest" assertions="3" time="0.001659"/>
        <testcase name="testSlugifyNormalizesValues" file="/Users/admin/Desktop/Proyecto Marvel local y Hosting/clean-marvel/tests/Shared/Http/JsonResponseAndSluggerTest.php" line="47" class="Tests\Shared\Http\JsonResponseAndSluggerTest" classname="Tests.Shared.Http.JsonResponseAndSluggerTest" assertions="1" time="0.001477"/>
        <testcase name="testSlugifyFallsBackToRandomHexWhenEmpty" file="/Users/admin/Desktop/Proyecto Marvel local y Hosting/clean-marvel/tests/Shared/Http/JsonResponseAndSluggerTest.php" line="52" class="Tests\Shared\Http\JsonResponseAndSluggerTest" classname="Tests.Shared.Http.JsonResponseAndSluggerTest" assertions="1" time="0.001591"/>
      </testsuite>
      <testsuite name="Tests\Shared\Http\ReadmeControllerTest" file="/Users/admin/Desktop/Proyecto Marvel local y Hosting/clean-marvel/tests/Shared/Http/ReadmeControllerTest.php" tests="2" assertions="9" errors="0" failures="0" skipped="0" time="0.013687">
        <testcase name="testItRendersMarkdownReadme" file="/Users/admin/Desktop/Proyecto Marvel local y Hosting/clean-marvel/tests/Shared/Http/ReadmeControllerTest.php" line="25" class="Tests\Shared\Http\ReadmeControllerTest" classname="Tests.Shared.Http.ReadmeControllerTest" assertions="7" time="0.011718"/>
        <testcase name="testItReturns404WhenReadmeIsMissing" file="/Users/admin/Desktop/Proyecto Marvel local y Hosting/clean-marvel/tests/Shared/Http/ReadmeControllerTest.php" line="45" class="Tests\Shared\Http\ReadmeControllerTest" classname="Tests.Shared.Http.ReadmeControllerTest" assertions="2" time="0.001969"/>
      </testsuite>
      <testsuite name="Tests\Shared\Http\RouterReadmeRouteTest" file="/Users/admin/Desktop/Proyecto Marvel local y Hosting/clean-marvel/tests/Shared/Http/RouterReadmeRouteTest.php" tests="1" assertions="3" errors="0" failures="0" skipped="0" time="0.002896">
        <testcase name="testHandleGetReadmeDeliversHtmlResponse" file="/Users/admin/Desktop/Proyecto Marvel local y Hosting/clean-marvel/tests/Shared/Http/RouterReadmeRouteTest.php" line="29" class="Tests\Shared\Http\RouterReadmeRouteTest" classname="Tests.Shared.Http.RouterReadmeRouteTest" assertions="3" time="0.002896"/>
      </testsuite>
      <testsuite name="Tests\Shared\Infrastructure\InMemoryEventBusTest" file="/Users/admin/Desktop/Proyecto Marvel local y Hosting/clean-marvel/tests/Shared/Infrastructure/InMemoryEventBusTest.php" tests="2" assertions="2" errors="0" failures="0" skipped="0" time="0.003124">
        <testcase name="testItDispatchesEventsToSubscribedHandlers" file="/Users/admin/Desktop/Proyecto Marvel local y Hosting/clean-marvel/tests/Shared/Infrastructure/InMemoryEventBusTest.php" line="15" class="Tests\Shared\Infrastructure\InMemoryEventBusTest" classname="Tests.Shared.Infrastructure.InMemoryEventBusTest" assertions="1" time="0.001639"/>
        <testcase name="testItIgnoresHandlersForDifferentEvents" file="/Users/admin/Desktop/Proyecto Marvel local y Hosting/clean-marvel/tests/Shared/Infrastructure/InMemoryEventBusTest.php" line="41" class="Tests\Shared\Infrastructure\InMemoryEventBusTest" classname="Tests.Shared.Infrastructure.InMemoryEventBusTest" assertions="1" time="0.001486"/>
      </testsuite>
      <testsuite name="Tests\Shared\Infrastructure\PdoConnectionFactoryTest" file="/Users/admin/Desktop/Proyecto Marvel local y Hosting/clean-marvel/tests/Shared/Infrastructure/PdoConnectionFactoryTest.php" tests="3" assertions="4" errors="0" failures="0" skipped="0" time="0.006013">
        <testcase name="testItThrowsWhenDatabaseNameIsMissing" file="/Users/admin/Desktop/Proyecto Marvel local y Hosting/clean-marvel/tests/Shared/Infrastructure/PdoConnectionFactoryTest.php" line="44" class="Tests\Shared\Infrastructure\PdoConnectionFactoryTest" classname="Tests.Shared.Infrastructure.PdoConnectionFactoryTest" assertions="2" time="0.001919"/>
        <testcase name="testEnvHelperReturnsDefaultWhenValueIsEmpty" file="/Users/admin/Desktop/Proyecto Marvel local y Hosting/clean-marvel/tests/Shared/Infrastructure/PdoConnectionFactoryTest.php" line="56" class="Tests\Shared\Infrastructure\PdoConnectionFactoryTest" classname="Tests.Shared.Infrastructure.PdoConnectionFactoryTest" assertions="1" time="0.001965"/>
        <testcase name="testItPropagatesConnectionErrors" file="/Users/admin/Desktop/Proyecto Marvel local y Hosting/clean-marvel/tests/Shared/Infrastructure/PdoConnectionFactoryTest.php" line="70" class="Tests\Shared\Infrastructure\PdoConnectionFactoryTest" classname="Tests.Shared.Infrastructure.PdoConnectionFactoryTest" assertions="1" time="0.002129"/>
      </testsuite>
      <testsuite name="Tests\Shared\MarkdownRendererTest" file="/Users/admin/Desktop/Proyecto Marvel local y Hosting/clean-marvel/tests/Shared/MarkdownRendererTest.php" tests="2" assertions="9" errors="0" failures="0" skipped="0" time="0.003343">
        <testcase name="testRenderBuildsListsHeadingsAndLinks" file="/Users/admin/Desktop/Proyecto Marvel local y Hosting/clean-marvel/tests/Shared/MarkdownRendererTest.php" line="12" class="Tests\Shared\MarkdownRendererTest" classname="Tests.Shared.MarkdownRendererTest" assertions="6" time="0.001772"/>
        <testcase name="testRenderEscapesHtmlAndKeepsCodeBlocks" file="/Users/admin/Desktop/Proyecto Marvel local y Hosting/clean-marvel/tests/Shared/MarkdownRendererTest.php" line="35" class="Tests\Shared\MarkdownRendererTest" classname="Tests.Shared.MarkdownRendererTest" assertions="3" time="0.001571"/>
      </testsuite>
      <testsuite name="Tests\Smoke\AppBootTest" file="/Users/admin/Desktop/Proyecto Marvel local y Hosting/clean-marvel/tests/Smoke/AppBootTest.php" tests="1" assertions="1" errors="0" failures="0" skipped="0" time="0.001371">
        <testcase name="test_app_boots_successfully" file="/Users/admin/Desktop/Proyecto Marvel local y Hosting/clean-marvel/tests/Smoke/AppBootTest.php" line="11" class="Tests\Smoke\AppBootTest" classname="Tests.Smoke.AppBootTest" assertions="1" time="0.001371"/>
      </testsuite>
      <testsuite name="Tests\Sonar\SonarMetricsServiceTest" file="/Users/admin/Desktop/Proyecto Marvel local y Hosting/clean-marvel/tests/Sonar/SonarMetricsServiceTest.php" tests="1" assertions="3" errors="0" failures="0" skipped="0" time="0.005237">
        <testcase name="test_service_processes_sonar_metrics_payload" file="/Users/admin/Desktop/Proyecto Marvel local y Hosting/clean-marvel/tests/Sonar/SonarMetricsServiceTest.php" line="13" class="Tests\Sonar\SonarMetricsServiceTest" classname="Tests.Sonar.SonarMetricsServiceTest" assertions="3" time="0.005237"/>
      </testsuite>
      <testsuite name="Tests\Unit\Albums\FileAlbumRepositoryTest" file="/Users/admin/Desktop/Proyecto Marvel local y Hosting/clean-marvel/tests/Unit/Albums/FileAlbumRepositoryTest.php" tests="2" assertions="7" errors="0" failures="0" skipped="0" time="0.005101">
        <testcase name="testItPersistsAndLoadsAlbums" file="/Users/admin/Desktop/Proyecto Marvel local y Hosting/clean-marvel/tests/Unit/Albums/FileAlbumRepositoryTest.php" line="24" class="Tests\Unit\Albums\FileAlbumRepositoryTest" classname="Tests.Unit.Albums.FileAlbumRepositoryTest" assertions="4" time="0.002748"/>
        <testcase name="testItDeletesAlbums" file="/Users/admin/Desktop/Proyecto Marvel local y Hosting/clean-marvel/tests/Unit/Albums/FileAlbumRepositoryTest.php" line="39" class="Tests\Unit\Albums\FileAlbumRepositoryTest" classname="Tests.Unit.Albums.FileAlbumRepositoryTest" assertions="3" time="0.002353"/>
      </testsuite>
      <testsuite name="Tests\Unit\Heroes\FileHeroRepositoryTest" file="/Users/admin/Desktop/Proyecto Marvel local y Hosting/clean-marvel/tests/Unit/Heroes/FileHeroRepositoryTest.php" tests="2" assertions="7" errors="0" failures="0" skipped="0" time="0.005336">
        <testcase name="testItPersistsAndRetrievesHeroes" file="/Users/admin/Desktop/Proyecto Marvel local y Hosting/clean-marvel/tests/Unit/Heroes/FileHeroRepositoryTest.php" line="24" class="Tests\Unit\Heroes\FileHeroRepositoryTest" classname="Tests.Unit.Heroes.FileHeroRepositoryTest" assertions="4" time="0.002433"/>
        <testcase name="testItDeletesHeroesByAlbum" file="/Users/admin/Desktop/Proyecto Marvel local y Hosting/clean-marvel/tests/Unit/Heroes/FileHeroRepositoryTest.php" line="40" class="Tests\Unit\Heroes\FileHeroRepositoryTest" classname="Tests.Unit.Heroes.FileHeroRepositoryTest" assertions="3" time="0.002903"/>
      </testsuite>
    </testsuite>
  </testsuite>
</testsuites>
